Log file open, 04/18/20 23:33:52
LogWindows: Failed to load 'aqProf.dll' (GetLastError=126)
LogWindows: File 'aqProf.dll' does not exist
LogWindows: Failed to load 'VtuneApi.dll' (GetLastError=126)
LogWindows: File 'VtuneApi.dll' does not exist
LogWindows: Failed to load 'VtuneApi32e.dll' (GetLastError=126)
LogWindows: File 'VtuneApi32e.dll' does not exist
LogConsoleResponse: Display: Failed to find resolution value strings in scalability ini. Falling back to default.
LogInit: Display: Running engine for game: CrossyRoad
LogPlatformFile: Not using cached read wrapper
LogTaskGraph: Started task graph with 5 named threads and 11 total threads with 3 sets of task threads.
LogStats: Stats thread started at 0.121287
LogD3D11RHI: Loaded GFSDK_Aftermath_Lib.x64.dll
LogICUInternationalization: ICU TimeZone Detection - Raw Offset: -8:00, Platform Override: ''
LogPluginManager: Mounting plugin Paper2D
LogPluginManager: Mounting plugin AISupport
LogPluginManager: Mounting plugin LightPropagationVolume
LogPluginManager: Mounting plugin ActorLayerUtilities
LogPluginManager: Mounting plugin AnimationSharing
LogPluginManager: Mounting plugin CLionSourceCodeAccess
LogPluginManager: Mounting plugin CodeLiteSourceCodeAccess
LogPluginManager: Mounting plugin GitSourceControl
LogPluginManager: Mounting plugin KDevelopSourceCodeAccess
LogPluginManager: Mounting plugin NullSourceCodeAccess
LogPluginManager: Mounting plugin PerforceSourceControl
LogPluginManager: Mounting plugin PlasticSourceControl
LogPluginManager: Mounting plugin SubversionSourceControl
LogPluginManager: Mounting plugin UObjectPlugin
LogPluginManager: Mounting plugin VisualStudioCodeSourceCodeAccess
LogPluginManager: Mounting plugin VisualStudioSourceCodeAccess
LogPluginManager: Mounting plugin XCodeSourceCodeAccess
LogPluginManager: Mounting plugin AssetManagerEditor
LogPluginManager: Mounting plugin CryptoKeys
LogPluginManager: Mounting plugin CurveEditorTools
LogPluginManager: Mounting plugin DataValidation
LogPluginManager: Mounting plugin FacialAnimation
LogPluginManager: Mounting plugin GameplayTagsEditor
LogPluginManager: Mounting plugin MacGraphicsSwitching
LogPluginManager: Mounting plugin MaterialAnalyzer
LogPluginManager: Mounting plugin MobileLauncherProfileWizard
LogPluginManager: Mounting plugin PluginBrowser
LogPluginManager: Mounting plugin SpeedTreeImporter
LogPluginManager: Mounting plugin DatasmithContent
LogPluginManager: Mounting plugin VariantManagerContent
LogPluginManager: Mounting plugin AlembicImporter
LogPluginManager: Mounting plugin AutomationUtils
LogPluginManager: Mounting plugin BackChannel
LogPluginManager: Mounting plugin CharacterAI
LogPluginManager: Mounting plugin GeometryCache
LogPluginManager: Mounting plugin PlatformCrypto
LogPluginManager: Mounting plugin ProxyLODPlugin
LogPluginManager: Mounting plugin SkeletalReduction
LogPluginManager: Mounting plugin MagicLeap
LogPluginManager: Mounting plugin MagicLeapMedia
LogPluginManager: Mounting plugin MLSDK
LogPluginManager: Mounting plugin AndroidMedia
LogPluginManager: Mounting plugin AvfMedia
LogPluginManager: Mounting plugin ImgMedia
LogPluginManager: Mounting plugin MediaCompositing
LogPluginManager: Mounting plugin MediaPlayerEditor
LogPluginManager: Mounting plugin WebMMedia
LogPluginManager: Mounting plugin WmfMedia
LogPluginManager: Mounting plugin TcpMessaging
LogPluginManager: Mounting plugin UdpMessaging
LogPluginManager: Mounting plugin ActorSequence
LogPluginManager: Mounting plugin LevelSequenceEditor
LogPluginManager: Mounting plugin MatineeToLevelSequence
LogPluginManager: Mounting plugin NetcodeUnitTest
LogPluginManager: Mounting plugin NUTUnrealEngine4
LogPluginManager: Mounting plugin OnlineSubsystemGooglePlay
LogPluginManager: Mounting plugin OnlineSubsystemIOS
LogPluginManager: Mounting plugin OnlineSubsystem
LogPluginManager: Mounting plugin OnlineSubsystemNull
LogPluginManager: Mounting plugin OnlineSubsystemUtils
LogPluginManager: Mounting plugin LauncherChunkInstaller
LogPluginManager: Mounting plugin AndroidDeviceProfileSelector
LogPluginManager: Mounting plugin AndroidMoviePlayer
LogPluginManager: Mounting plugin AndroidPermission
LogPluginManager: Mounting plugin AppleImageUtils
LogPluginManager: Mounting plugin AppleMoviePlayer
LogPluginManager: Mounting plugin ArchVisCharacter
LogPluginManager: Mounting plugin AssetTags
LogPluginManager: Mounting plugin AudioCapture
LogPluginManager: Mounting plugin CableComponent
LogPluginManager: Mounting plugin CustomMeshComponent
LogPluginManager: Mounting plugin EditableMesh
LogPluginManager: Mounting plugin ExampleDeviceProfileSelector
LogPluginManager: Mounting plugin GoogleCloudMessaging
LogPluginManager: Mounting plugin IOSDeviceProfileSelector
LogPluginManager: Mounting plugin LinuxDeviceProfileSelector
LogPluginManager: Mounting plugin LocationServicesBPLibrary
LogPluginManager: Mounting plugin MobilePatchingUtils
LogPluginManager: Mounting plugin OculusVR
LogPluginManager: Mounting plugin PhysXVehicles
LogPluginManager: Mounting plugin PostSplashScreen
LogPluginManager: Mounting plugin ProceduralMeshComponent
LogPluginManager: Mounting plugin RuntimePhysXCooking
LogPluginManager: Mounting plugin SignificanceManager
LogPluginManager: Mounting plugin SteamVR
LogPluginManager: Mounting plugin WebMMoviePlayer
LogPluginManager: Mounting plugin WindowsMoviePlayer
LogPluginManager: Mounting plugin ScreenshotTools
LogInit: Using libcurl 7.55.1-DEV
LogInit:  - built for x86_64-pc-win32
LogInit:  - supports SSL with OpenSSL/1.1.1
LogInit:  - supports HTTP deflate (compression) using libz 1.2.8
LogInit:  - other features:
LogInit:      CURL_VERSION_SSL
LogInit:      CURL_VERSION_LIBZ
LogInit:      CURL_VERSION_IPV6
LogInit:      CURL_VERSION_ASYNCHDNS
LogInit:      CURL_VERSION_LARGEFILE
LogInit:      CURL_VERSION_IDN
LogInit:  CurlRequestOptions (configurable via config and command line):
LogInit:  - bVerifyPeer = true  - Libcurl will verify peer certificate
LogInit:  - bUseHttpProxy = false  - Libcurl will NOT use HTTP proxy
LogInit:  - bDontReuseConnections = false  - Libcurl will reuse connections
LogInit:  - MaxHostConnections = 16  - Libcurl will limit the number of connections to a host
LogInit:  - LocalHostAddr = Default
LogInit:  - BufferSize = 65536
LogOnline: OSS: Creating online subsystem instance for: NULL
LogInit: WinSock: version 1.1 (2.2), MaxSocks=32767, MaxUdp=65467
LogOnline: OSS: TryLoadSubsystemAndSetDefault: Loaded subsystem for module [NULL]
LogInit: Build: ++UE4+Release-4.24-CL-10757647
LogInit: Engine Version: 4.24.1-10757647+++UE4+Release-4.24
LogInit: Compatible Engine Version: 4.24.0-10570792+++UE4+Release-4.24
LogInit: Net CL: 10570792
LogInit: OS: Windows 10 (Release 1903) (), CPU: Intel(R) Core(TM) i7-6600U CPU @ 2.60GHz, GPU: Intel(R) HD Graphics 520
LogInit: Compiled (64-bit): Dec 17 2019 02:08:03
LogInit: Compiled with Visual C++: 19.16.27032.01
LogInit: Build Configuration: Development
LogInit: Branch Name: ++UE4+Release-4.24
LogInit: Command Line: 
LogInit: Base Directory: C:/Program Files/Epic Games/UE_4.24/Engine/Binaries/Win64/
LogInit: Installed Engine Build: 1
LogDevObjectVersion: Number of dev versions registered: 25
LogDevObjectVersion:   Dev-Blueprints (B0D832E4-1F89-4F0D-ACCF-7EB736FD4AA2): 10
LogDevObjectVersion:   Dev-Build (E1C64328-A22C-4D53-A36C-8E866417BD8C): 0
LogDevObjectVersion:   Dev-Core (375EC13C-06E4-48FB-B500-84F0262A717E): 3
LogDevObjectVersion:   Dev-Editor (E4B068ED-F494-42E9-A231-DA0B2E46BB41): 37
LogDevObjectVersion:   Dev-Framework (CFFC743F-43B0-4480-9391-14DF171D2073): 36
LogDevObjectVersion:   Dev-Mobile (B02B49B5-BB20-44E9-A304-32B752E40360): 2
LogDevObjectVersion:   Dev-Networking (A4E4105C-59A1-49B5-A7C5-40C4547EDFEE): 0
LogDevObjectVersion:   Dev-Online (39C831C9-5AE6-47DC-9A44-9C173E1C8E7C): 0
LogDevObjectVersion:   Dev-Physics (78F01B33-EBEA-4F98-B9B4-84EACCB95AA2): 2
LogDevObjectVersion:   Dev-Platform (6631380F-2D4D-43E0-8009-CF276956A95A): 0
LogDevObjectVersion:   Dev-Rendering (12F88B9F-8875-4AFC-A67C-D90C383ABD29): 36
LogDevObjectVersion:   Dev-Sequencer (7B5AE74C-D270-4C10-A958-57980B212A5A): 11
LogDevObjectVersion:   Dev-VR (D7296918-1DD6-4BDD-9DE2-64A83CC13884): 2
LogDevObjectVersion:   Dev-LoadTimes (C2A15278-BFE7-4AFE-6C17-90FF531DF755): 1
LogDevObjectVersion:   Private-Geometry (6EACA3D4-40EC-4CC1-B786-8BED09428FC5): 3
LogDevObjectVersion:   Dev-AnimPhys (29E575DD-E0A3-4627-9D10-D276232CDCEA): 17
LogDevObjectVersion:   Dev-Anim (AF43A65D-7FD3-4947-9873-3E8ED9C1BB05): 2
LogDevObjectVersion:   Dev-ReflectionCapture (6B266CEC-1EC7-4B8F-A30B-E4D90942FC07): 1
LogDevObjectVersion:   Dev-Automation (0DF73D61-A23F-47EA-B727-89E90C41499A): 1
LogDevObjectVersion:   FortniteMain (601D1886-AC64-4F84-AA16-D3DE0DEAC7D6): 31
LogDevObjectVersion:   Dev-Enterprise (9DFFBCD6-494F-0158-E221-12823C92A888): 8
LogDevObjectVersion:   Dev-Niagara (F2AED0AC-9AFE-416F-8664-AA7FFA26D6FC): 1
LogDevObjectVersion:   Dev-Destruction (174F1F0B-B4C6-45A5-B13F-2EE8D0FB917D): 9
LogDevObjectVersion:   Dev-Physics-Ext (35F94A83-E258-406C-A318-09F59610247C): 8
LogDevObjectVersion:   Dev-CineCamera (B2E18506-4273-CFC2-A54E-F4BB758BBA07): 1
LogInit: Presizing for max 25165824 objects, including 0 objects not considered by GC, pre-allocating 0 bytes for permanent pool.
LogInit: Object subsystem initialized
LogConfig: Setting CVar [[con.DebugEarlyDefault:1]]
LogConfig: Setting CVar [[r.setres:1280x720]]
[2020.04.19-06.33.52:729][  0]LogConfig: Setting CVar [[r.VSync:0]]
[2020.04.19-06.33.52:729][  0]LogConfig: Setting CVar [[r.RHICmdBypass:0]]
[2020.04.19-06.33.52:729][  0]LogConfig: Applying CVar settings from Section [/Script/Engine.RendererSettings] File [C:/Users/fyf08/Desktop/HOMEWORK/cpsc386/CrossyRoad/Saved/Config/Windows/Engine.ini]
[2020.04.19-06.33.52:729][  0]LogConfig: Setting CVar [[r.GPUCrashDebugging:0]]
[2020.04.19-06.33.52:729][  0]LogConfig: Applying CVar settings from Section [/Script/Engine.RendererOverrideSettings] File [C:/Users/fyf08/Desktop/HOMEWORK/cpsc386/CrossyRoad/Saved/Config/Windows/Engine.ini]
[2020.04.19-06.33.52:729][  0]LogConfig: Applying CVar settings from Section [/Script/Engine.StreamingSettings] File [C:/Users/fyf08/Desktop/HOMEWORK/cpsc386/CrossyRoad/Saved/Config/Windows/Engine.ini]
[2020.04.19-06.33.52:729][  0]LogConfig: Setting CVar [[s.MinBulkDataSizeForAsyncLoading:131072]]
[2020.04.19-06.33.52:729][  0]LogConfig: Setting CVar [[s.AsyncLoadingThreadEnabled:0]]
[2020.04.19-06.33.52:729][  0]LogConfig: Setting CVar [[s.EventDrivenLoaderEnabled:1]]
[2020.04.19-06.33.52:729][  0]LogConfig: Setting CVar [[s.WarnIfTimeLimitExceeded:0]]
[2020.04.19-06.33.52:729][  0]LogConfig: Setting CVar [[s.TimeLimitExceededMultiplier:1.5]]
[2020.04.19-06.33.52:729][  0]LogConfig: Setting CVar [[s.TimeLimitExceededMinTime:0.005]]
[2020.04.19-06.33.52:729][  0]LogConfig: Setting CVar [[s.UseBackgroundLevelStreaming:1]]
[2020.04.19-06.33.52:729][  0]LogConfig: Setting CVar [[s.PriorityAsyncLoadingExtraTime:15.0]]
[2020.04.19-06.33.52:729][  0]LogConfig: Setting CVar [[s.LevelStreamingActorsUpdateTimeLimit:5.0]]
[2020.04.19-06.33.52:729][  0]LogConfig: Setting CVar [[s.PriorityLevelStreamingActorsUpdateExtraTime:5.0]]
[2020.04.19-06.33.52:729][  0]LogConfig: Setting CVar [[s.LevelStreamingComponentsRegistrationGranularity:10]]
[2020.04.19-06.33.52:729][  0]LogConfig: Setting CVar [[s.UnregisterComponentsTimeLimit:1.0]]
[2020.04.19-06.33.52:729][  0]LogConfig: Setting CVar [[s.LevelStreamingComponentsUnregistrationGranularity:5]]
[2020.04.19-06.33.52:729][  0]LogConfig: Setting CVar [[s.FlushStreamingOnExit:1]]
[2020.04.19-06.33.52:729][  0]LogConfig: Applying CVar settings from Section [/Script/Engine.GarbageCollectionSettings] File [C:/Users/fyf08/Desktop/HOMEWORK/cpsc386/CrossyRoad/Saved/Config/Windows/Engine.ini]
[2020.04.19-06.33.52:730][  0]LogConfig: Setting CVar [[gc.MaxObjectsNotConsideredByGC:1]]
[2020.04.19-06.33.52:730][  0]LogConfig: Setting CVar [[gc.SizeOfPermanentObjectPool:0]]
[2020.04.19-06.33.52:730][  0]LogConfig: Setting CVar [[gc.FlushStreamingOnGC:0]]
[2020.04.19-06.33.52:730][  0]LogConfig: Setting CVar [[gc.NumRetriesBeforeForcingGC:10]]
[2020.04.19-06.33.52:730][  0]LogConfig: Setting CVar [[gc.AllowParallelGC:1]]
[2020.04.19-06.33.52:730][  0]LogConfig: Setting CVar [[gc.TimeBetweenPurgingPendingKillObjects:61.1]]
[2020.04.19-06.33.52:730][  0]LogConfig: Setting CVar [[gc.MaxObjectsInEditor:25165824]]
[2020.04.19-06.33.52:730][  0]LogConfig: Setting CVar [[gc.IncrementalBeginDestroyEnabled:1]]
[2020.04.19-06.33.52:730][  0]LogConfig: Setting CVar [[gc.CreateGCClusters:1]]
[2020.04.19-06.33.52:730][  0]LogConfig: Setting CVar [[gc.MinGCClusterSize:5]]
[2020.04.19-06.33.52:730][  0]LogConfig: Setting CVar [[gc.ActorClusteringEnabled:0]]
[2020.04.19-06.33.52:730][  0]LogConfig: Setting CVar [[gc.BlueprintClusteringEnabled:0]]
[2020.04.19-06.33.52:730][  0]LogConfig: Setting CVar [[gc.UseDisregardForGCOnDedicatedServers:0]]
[2020.04.19-06.33.52:730][  0]LogConfig: Applying CVar settings from Section [/Script/Engine.NetworkSettings] File [C:/Users/fyf08/Desktop/HOMEWORK/cpsc386/CrossyRoad/Saved/Config/Windows/Engine.ini]
[2020.04.19-06.33.52:730][  0]LogConfig: Applying CVar settings from Section [/Script/UnrealEd.CookerSettings] File [C:/Users/fyf08/Desktop/HOMEWORK/cpsc386/CrossyRoad/Saved/Config/Windows/Engine.ini]
[2020.04.19-06.33.52:732][  0]LogConfig: Applying CVar settings from Section [ViewDistanceQuality@3] File [C:/Users/fyf08/Desktop/HOMEWORK/cpsc386/CrossyRoad/Saved/Config/Windows/Scalability.ini]
[2020.04.19-06.33.52:732][  0]LogConfig: Setting CVar [[r.SkeletalMeshLODBias:0]]
[2020.04.19-06.33.52:733][  0]LogConfig: Setting CVar [[r.ViewDistanceScale:1.0]]
[2020.04.19-06.33.52:733][  0]LogConfig: Applying CVar settings from Section [AntiAliasingQuality@3] File [C:/Users/fyf08/Desktop/HOMEWORK/cpsc386/CrossyRoad/Saved/Config/Windows/Scalability.ini]
[2020.04.19-06.33.52:733][  0]LogConfig: Setting CVar [[r.PostProcessAAQuality:4]]
[2020.04.19-06.33.52:733][  0]LogConfig: Applying CVar settings from Section [ShadowQuality@3] File [C:/Users/fyf08/Desktop/HOMEWORK/cpsc386/CrossyRoad/Saved/Config/Windows/Scalability.ini]
[2020.04.19-06.33.52:733][  0]LogConfig: Setting CVar [[r.LightFunctionQuality:1]]
[2020.04.19-06.33.52:733][  0]LogConfig: Setting CVar [[r.ShadowQuality:5]]
[2020.04.19-06.33.52:733][  0]LogConfig: Setting CVar [[r.Shadow.CSM.MaxCascades:10]]
[2020.04.19-06.33.52:733][  0]LogConfig: Setting CVar [[r.Shadow.MaxResolution:2048]]
[2020.04.19-06.33.52:733][  0]LogConfig: Setting CVar [[r.Shadow.MaxCSMResolution:2048]]
[2020.04.19-06.33.52:733][  0]LogConfig: Setting CVar [[r.Shadow.RadiusThreshold:0.01]]
[2020.04.19-06.33.52:733][  0]LogConfig: Setting CVar [[r.Shadow.DistanceScale:1.0]]
[2020.04.19-06.33.52:733][  0]LogConfig: Setting CVar [[r.Shadow.CSM.TransitionScale:1.0]]
[2020.04.19-06.33.52:733][  0]LogConfig: Setting CVar [[r.Shadow.PreShadowResolutionFactor:1.0]]
[2020.04.19-06.33.52:733][  0]LogConfig: Setting CVar [[r.DistanceFieldShadowing:1]]
[2020.04.19-06.33.52:733][  0]LogConfig: Setting CVar [[r.DistanceFieldAO:1]]
[2020.04.19-06.33.52:733][  0]LogConfig: Setting CVar [[r.AOQuality:2]]
[2020.04.19-06.33.52:733][  0]LogConfig: Setting CVar [[r.VolumetricFog:1]]
[2020.04.19-06.33.52:733][  0]LogConfig: Setting CVar [[r.VolumetricFog.GridPixelSize:8]]
[2020.04.19-06.33.52:733][  0]LogConfig: Setting CVar [[r.VolumetricFog.GridSizeZ:128]]
[2020.04.19-06.33.52:733][  0]LogConfig: Setting CVar [[r.VolumetricFog.HistoryMissSupersampleCount:4]]
[2020.04.19-06.33.52:733][  0]LogConfig: Setting CVar [[r.LightMaxDrawDistanceScale:1]]
[2020.04.19-06.33.52:733][  0]LogConfig: Setting CVar [[r.CapsuleShadows:1]]
[2020.04.19-06.33.52:733][  0]LogConfig: Applying CVar settings from Section [PostProcessQuality@3] File [C:/Users/fyf08/Desktop/HOMEWORK/cpsc386/CrossyRoad/Saved/Config/Windows/Scalability.ini]
[2020.04.19-06.33.52:733][  0]LogConfig: Setting CVar [[r.MotionBlurQuality:4]]
[2020.04.19-06.33.52:733][  0]LogConfig: Setting CVar [[r.AmbientOcclusionMipLevelFactor:0.4]]
[2020.04.19-06.33.52:733][  0]LogConfig: Setting CVar [[r.AmbientOcclusionMaxQuality:100]]
[2020.04.19-06.33.52:733][  0]LogConfig: Setting CVar [[r.AmbientOcclusionLevels:-1]]
[2020.04.19-06.33.52:733][  0]LogConfig: Setting CVar [[r.AmbientOcclusionRadiusScale:1.0]]
[2020.04.19-06.33.52:733][  0]LogConfig: Setting CVar [[r.DepthOfFieldQuality:2]]
[2020.04.19-06.33.52:733][  0]LogConfig: Setting CVar [[r.RenderTargetPoolMin:400]]
[2020.04.19-06.33.52:733][  0]LogConfig: Setting CVar [[r.LensFlareQuality:2]]
[2020.04.19-06.33.52:733][  0]LogConfig: Setting CVar [[r.SceneColorFringeQuality:1]]
[2020.04.19-06.33.52:733][  0]LogConfig: Setting CVar [[r.EyeAdaptationQuality:2]]
[2020.04.19-06.33.52:733][  0]LogConfig: Setting CVar [[r.BloomQuality:5]]
[2020.04.19-06.33.52:733][  0]LogConfig: Setting CVar [[r.FastBlurThreshold:100]]
[2020.04.19-06.33.52:733][  0]LogConfig: Setting CVar [[r.Upscale.Quality:3]]
[2020.04.19-06.33.52:733][  0]LogConfig: Setting CVar [[r.Tonemapper.GrainQuantization:1]]
[2020.04.19-06.33.52:733][  0]LogConfig: Setting CVar [[r.LightShaftQuality:1]]
[2020.04.19-06.33.52:733][  0]LogConfig: Setting CVar [[r.Filter.SizeScale:1]]
[2020.04.19-06.33.52:733][  0]LogConfig: Setting CVar [[r.Tonemapper.Quality:5]]
[2020.04.19-06.33.52:733][  0]LogConfig: Setting CVar [[r.DOF.Gather.AccumulatorQuality:1        ; higher gathering accumulator quality]]
[2020.04.19-06.33.52:733][  0]LogConfig: Setting CVar [[r.DOF.Gather.PostfilterMethod:1          ; Median3x3 postfilering method]]
[2020.04.19-06.33.52:733][  0]LogConfig: Setting CVar [[r.DOF.Gather.EnableBokehSettings:0       ; no bokeh simulation when gathering]]
[2020.04.19-06.33.52:733][  0]LogConfig: Setting CVar [[r.DOF.Gather.RingCount:4                 ; medium number of samples when gathering]]
[2020.04.19-06.33.52:733][  0]LogConfig: Setting CVar [[r.DOF.Scatter.ForegroundCompositing:1    ; additive foreground scattering]]
[2020.04.19-06.33.52:733][  0]LogConfig: Setting CVar [[r.DOF.Scatter.BackgroundCompositing:2    ; additive background scattering]]
[2020.04.19-06.33.52:733][  0]LogConfig: Setting CVar [[r.DOF.Scatter.EnableBokehSettings:1      ; bokeh simulation when scattering]]
[2020.04.19-06.33.52:733][  0]LogConfig: Setting CVar [[r.DOF.Scatter.MaxSpriteRatio:0.1         ; only a maximum of 10% of scattered bokeh]]
[2020.04.19-06.33.52:733][  0]LogConfig: Setting CVar [[r.DOF.Recombine.Quality:1                ; cheap slight out of focus]]
[2020.04.19-06.33.52:733][  0]LogConfig: Setting CVar [[r.DOF.Recombine.EnableBokehSettings:0    ; no bokeh simulation on slight out of focus]]
[2020.04.19-06.33.52:733][  0]LogConfig: Setting CVar [[r.DOF.TemporalAAQuality:1                ; more stable temporal accumulation]]
[2020.04.19-06.33.52:733][  0]LogConfig: Setting CVar [[r.DOF.Kernel.MaxForegroundRadius:0.025]]
[2020.04.19-06.33.52:733][  0]LogConfig: Setting CVar [[r.DOF.Kernel.MaxBackgroundRadius:0.025]]
[2020.04.19-06.33.52:733][  0]LogConfig: Applying CVar settings from Section [TextureQuality@3] File [C:/Users/fyf08/Desktop/HOMEWORK/cpsc386/CrossyRoad/Saved/Config/Windows/Scalability.ini]
[2020.04.19-06.33.52:733][  0]LogConfig: Setting CVar [[r.Streaming.MipBias:0]]
[2020.04.19-06.33.52:733][  0]LogConfig: Setting CVar [[r.Streaming.AmortizeCPUToGPUCopy:0]]
[2020.04.19-06.33.52:733][  0]LogConfig: Setting CVar [[r.Streaming.MaxNumTexturesToStreamPerFrame:0]]
[2020.04.19-06.33.52:733][  0]LogConfig: Setting CVar [[r.Streaming.Boost:1]]
[2020.04.19-06.33.52:733][  0]LogConfig: Setting CVar [[r.MaxAnisotropy:8]]
[2020.04.19-06.33.52:733][  0]LogConfig: Setting CVar [[r.VT.MaxAnisotropy:8]]
[2020.04.19-06.33.52:734][  0]LogConfig: Setting CVar [[r.Streaming.LimitPoolSizeToVRAM:0]]
[2020.04.19-06.33.52:734][  0]LogConfig: Setting CVar [[r.Streaming.PoolSize:1000]]
[2020.04.19-06.33.52:734][  0]LogConfig: Setting CVar [[r.Streaming.MaxEffectiveScreenSize:0]]
[2020.04.19-06.33.52:734][  0]LogConfig: Applying CVar settings from Section [EffectsQuality@3] File [C:/Users/fyf08/Desktop/HOMEWORK/cpsc386/CrossyRoad/Saved/Config/Windows/Scalability.ini]
[2020.04.19-06.33.52:734][  0]LogConfig: Setting CVar [[r.TranslucencyLightingVolumeDim:64]]
[2020.04.19-06.33.52:734][  0]LogConfig: Setting CVar [[r.RefractionQuality:2]]
[2020.04.19-06.33.52:734][  0]LogConfig: Setting CVar [[r.SSR.Quality:3]]
[2020.04.19-06.33.52:734][  0]LogConfig: Setting CVar [[r.SSR.HalfResSceneColor:0]]
[2020.04.19-06.33.52:734][  0]LogConfig: Setting CVar [[r.SceneColorFormat:4]]
[2020.04.19-06.33.52:734][  0]LogConfig: Setting CVar [[r.DetailMode:2]]
[2020.04.19-06.33.52:734][  0]LogConfig: Setting CVar [[r.TranslucencyVolumeBlur:1]]
[2020.04.19-06.33.52:734][  0]LogConfig: Setting CVar [[r.MaterialQualityLevel:1 ; High quality]]
[2020.04.19-06.33.52:734][  0]LogConfig: Setting CVar [[r.SSS.Scale:1]]
[2020.04.19-06.33.52:734][  0]LogConfig: Setting CVar [[r.SSS.SampleSet:2]]
[2020.04.19-06.33.52:734][  0]LogConfig: Setting CVar [[r.SSS.Quality:1]]
[2020.04.19-06.33.52:734][  0]LogConfig: Setting CVar [[r.SSS.HalfRes:1]]
[2020.04.19-06.33.52:734][  0]LogConfig: Setting CVar [[r.SSGI.Quality:3]]
[2020.04.19-06.33.52:734][  0]LogConfig: Setting CVar [[r.EmitterSpawnRateScale:1.0]]
[2020.04.19-06.33.52:734][  0]LogConfig: Setting CVar [[r.ParticleLightQuality:2]]
[2020.04.19-06.33.52:734][  0]LogConfig: Setting CVar [[r.SkyAtmosphere.AerialPerspectiveLUT.FastApplyOnOpaque:1 ; Always have FastSkyLUT 1 in this case to avoid wrong sky]]
[2020.04.19-06.33.52:734][  0]LogConfig: Setting CVar [[r.SkyAtmosphere.AerialPerspectiveLUT.SampleCountPerSlice:1]]
[2020.04.19-06.33.52:734][  0]LogConfig: Setting CVar [[r.SkyAtmosphere.AerialPerspectiveLUT.DepthResolution:16.0]]
[2020.04.19-06.33.52:734][  0]LogConfig: Setting CVar [[r.SkyAtmosphere.FastSkyLUT:1]]
[2020.04.19-06.33.52:734][  0]LogConfig: Setting CVar [[r.SkyAtmosphere.FastSkyLUT.SampleCountMin:4.0]]
[2020.04.19-06.33.52:734][  0]LogConfig: Setting CVar [[r.SkyAtmosphere.FastSkyLUT.SampleCountMax:32.0]]
[2020.04.19-06.33.52:734][  0]LogConfig: Setting CVar [[r.SkyAtmosphere.SampleCountMin:4.0]]
[2020.04.19-06.33.52:734][  0]LogConfig: Setting CVar [[r.SkyAtmosphere.SampleCountMax:32.0]]
[2020.04.19-06.33.52:734][  0]LogConfig: Setting CVar [[r.SkyAtmosphere.TransmittanceLUT.UseSmallFormat:0]]
[2020.04.19-06.33.52:734][  0]LogConfig: Setting CVar [[r.SkyAtmosphere.TransmittanceLUT.SampleCount:10.0]]
[2020.04.19-06.33.52:734][  0]LogConfig: Setting CVar [[r.SkyAtmosphere.MultiScatteringLUT.SampleCount:15.0]]
[2020.04.19-06.33.52:734][  0]LogConfig: Applying CVar settings from Section [FoliageQuality@3] File [C:/Users/fyf08/Desktop/HOMEWORK/cpsc386/CrossyRoad/Saved/Config/Windows/Scalability.ini]
[2020.04.19-06.33.52:734][  0]LogConfig: Setting CVar [[foliage.DensityScale:1.0]]
[2020.04.19-06.33.52:734][  0]LogConfig: Setting CVar [[grass.DensityScale:1.0]]
[2020.04.19-06.33.52:734][  0]LogConfig: Applying CVar settings from Section [ShadingQuality@3] File [C:/Users/fyf08/Desktop/HOMEWORK/cpsc386/CrossyRoad/Saved/Config/Windows/Scalability.ini]
[2020.04.19-06.33.52:734][  0]LogConfig: Setting CVar [[r.HairStrands.SkyLighting.SampleCount:16]]
[2020.04.19-06.33.52:734][  0]LogConfig: Setting CVar [[r.HairStrands.SkyLighting.JitterIntegration:0]]
[2020.04.19-06.33.52:734][  0]LogConfig: Setting CVar [[r.HairStrands.SkyAO.SampleCount:16]]
[2020.04.19-06.33.52:734][  0]LogInit: Selected Device Profile: [Windows]
[2020.04.19-06.33.52:734][  0]LogInit: Applying CVar settings loaded from the selected device profile: [Windows]
[2020.04.19-06.33.52:737][  0]LogHAL: Display: Platform has ~ 8 GB [8450592768 / 8589934592 / 8], which maps to Default [LargestMinGB=32, LargerMinGB=12, DefaultMinGB=8, SmallerMinGB=6, SmallestMinGB=0)
[2020.04.19-06.33.52:737][  0]LogInit: Going up to parent DeviceProfile []
[2020.04.19-06.33.52:737][  0]LogConfig: Applying CVar settings from Section [ViewDistanceQuality@3] File [C:/Users/fyf08/Desktop/HOMEWORK/cpsc386/CrossyRoad/Saved/Config/Windows/Scalability.ini]
[2020.04.19-06.33.52:737][  0]LogConfig: Setting CVar [[r.SkeletalMeshLODBias:0]]
[2020.04.19-06.33.52:738][  0]LogConfig: Setting CVar [[r.ViewDistanceScale:1.0]]
[2020.04.19-06.33.52:738][  0]LogConfig: Applying CVar settings from Section [AntiAliasingQuality@3] File [C:/Users/fyf08/Desktop/HOMEWORK/cpsc386/CrossyRoad/Saved/Config/Windows/Scalability.ini]
[2020.04.19-06.33.52:738][  0]LogConfig: Setting CVar [[r.PostProcessAAQuality:4]]
[2020.04.19-06.33.52:738][  0]LogConfig: Applying CVar settings from Section [ShadowQuality@3] File [C:/Users/fyf08/Desktop/HOMEWORK/cpsc386/CrossyRoad/Saved/Config/Windows/Scalability.ini]
[2020.04.19-06.33.52:738][  0]LogConfig: Setting CVar [[r.LightFunctionQuality:1]]
[2020.04.19-06.33.52:738][  0]LogConfig: Setting CVar [[r.ShadowQuality:5]]
[2020.04.19-06.33.52:738][  0]LogConfig: Setting CVar [[r.Shadow.CSM.MaxCascades:10]]
[2020.04.19-06.33.52:738][  0]LogConfig: Setting CVar [[r.Shadow.MaxResolution:2048]]
[2020.04.19-06.33.52:738][  0]LogConfig: Setting CVar [[r.Shadow.MaxCSMResolution:2048]]
[2020.04.19-06.33.52:738][  0]LogConfig: Setting CVar [[r.Shadow.RadiusThreshold:0.01]]
[2020.04.19-06.33.52:738][  0]LogConfig: Setting CVar [[r.Shadow.DistanceScale:1.0]]
[2020.04.19-06.33.52:738][  0]LogConfig: Setting CVar [[r.Shadow.CSM.TransitionScale:1.0]]
[2020.04.19-06.33.52:738][  0]LogConfig: Setting CVar [[r.Shadow.PreShadowResolutionFactor:1.0]]
[2020.04.19-06.33.52:738][  0]LogConfig: Setting CVar [[r.DistanceFieldShadowing:1]]
[2020.04.19-06.33.52:738][  0]LogConfig: Setting CVar [[r.DistanceFieldAO:1]]
[2020.04.19-06.33.52:738][  0]LogConfig: Setting CVar [[r.AOQuality:2]]
[2020.04.19-06.33.52:738][  0]LogConfig: Setting CVar [[r.VolumetricFog:1]]
[2020.04.19-06.33.52:738][  0]LogConfig: Setting CVar [[r.VolumetricFog.GridPixelSize:8]]
[2020.04.19-06.33.52:738][  0]LogConfig: Setting CVar [[r.VolumetricFog.GridSizeZ:128]]
[2020.04.19-06.33.52:738][  0]LogConfig: Setting CVar [[r.VolumetricFog.HistoryMissSupersampleCount:4]]
[2020.04.19-06.33.52:738][  0]LogConfig: Setting CVar [[r.LightMaxDrawDistanceScale:1]]
[2020.04.19-06.33.52:738][  0]LogConfig: Setting CVar [[r.CapsuleShadows:1]]
[2020.04.19-06.33.52:738][  0]LogConfig: Applying CVar settings from Section [PostProcessQuality@3] File [C:/Users/fyf08/Desktop/HOMEWORK/cpsc386/CrossyRoad/Saved/Config/Windows/Scalability.ini]
[2020.04.19-06.33.52:738][  0]LogConfig: Setting CVar [[r.MotionBlurQuality:4]]
[2020.04.19-06.33.52:738][  0]LogConfig: Setting CVar [[r.AmbientOcclusionMipLevelFactor:0.4]]
[2020.04.19-06.33.52:738][  0]LogConfig: Setting CVar [[r.AmbientOcclusionMaxQuality:100]]
[2020.04.19-06.33.52:738][  0]LogConfig: Setting CVar [[r.AmbientOcclusionLevels:-1]]
[2020.04.19-06.33.52:738][  0]LogConfig: Setting CVar [[r.AmbientOcclusionRadiusScale:1.0]]
[2020.04.19-06.33.52:738][  0]LogConfig: Setting CVar [[r.DepthOfFieldQuality:2]]
[2020.04.19-06.33.52:738][  0]LogConfig: Setting CVar [[r.RenderTargetPoolMin:400]]
[2020.04.19-06.33.52:738][  0]LogConfig: Setting CVar [[r.LensFlareQuality:2]]
[2020.04.19-06.33.52:738][  0]LogConfig: Setting CVar [[r.SceneColorFringeQuality:1]]
[2020.04.19-06.33.52:738][  0]LogConfig: Setting CVar [[r.EyeAdaptationQuality:2]]
[2020.04.19-06.33.52:738][  0]LogConfig: Setting CVar [[r.BloomQuality:5]]
[2020.04.19-06.33.52:738][  0]LogConfig: Setting CVar [[r.FastBlurThreshold:100]]
[2020.04.19-06.33.52:738][  0]LogConfig: Setting CVar [[r.Upscale.Quality:3]]
[2020.04.19-06.33.52:738][  0]LogConfig: Setting CVar [[r.Tonemapper.GrainQuantization:1]]
[2020.04.19-06.33.52:738][  0]LogConfig: Setting CVar [[r.LightShaftQuality:1]]
[2020.04.19-06.33.52:738][  0]LogConfig: Setting CVar [[r.Filter.SizeScale:1]]
[2020.04.19-06.33.52:738][  0]LogConfig: Setting CVar [[r.Tonemapper.Quality:5]]
[2020.04.19-06.33.52:738][  0]LogConfig: Setting CVar [[r.DOF.Gather.AccumulatorQuality:1        ; higher gathering accumulator quality]]
[2020.04.19-06.33.52:738][  0]LogConfig: Setting CVar [[r.DOF.Gather.PostfilterMethod:1          ; Median3x3 postfilering method]]
[2020.04.19-06.33.52:739][  0]LogConfig: Setting CVar [[r.DOF.Gather.EnableBokehSettings:0       ; no bokeh simulation when gathering]]
[2020.04.19-06.33.52:739][  0]LogConfig: Setting CVar [[r.DOF.Gather.RingCount:4                 ; medium number of samples when gathering]]
[2020.04.19-06.33.52:739][  0]LogConfig: Setting CVar [[r.DOF.Scatter.ForegroundCompositing:1    ; additive foreground scattering]]
[2020.04.19-06.33.52:739][  0]LogConfig: Setting CVar [[r.DOF.Scatter.BackgroundCompositing:2    ; additive background scattering]]
[2020.04.19-06.33.52:739][  0]LogConfig: Setting CVar [[r.DOF.Scatter.EnableBokehSettings:1      ; bokeh simulation when scattering]]
[2020.04.19-06.33.52:739][  0]LogConfig: Setting CVar [[r.DOF.Scatter.MaxSpriteRatio:0.1         ; only a maximum of 10% of scattered bokeh]]
[2020.04.19-06.33.52:739][  0]LogConfig: Setting CVar [[r.DOF.Recombine.Quality:1                ; cheap slight out of focus]]
[2020.04.19-06.33.52:739][  0]LogConfig: Setting CVar [[r.DOF.Recombine.EnableBokehSettings:0    ; no bokeh simulation on slight out of focus]]
[2020.04.19-06.33.52:739][  0]LogConfig: Setting CVar [[r.DOF.TemporalAAQuality:1                ; more stable temporal accumulation]]
[2020.04.19-06.33.52:739][  0]LogConfig: Setting CVar [[r.DOF.Kernel.MaxForegroundRadius:0.025]]
[2020.04.19-06.33.52:739][  0]LogConfig: Setting CVar [[r.DOF.Kernel.MaxBackgroundRadius:0.025]]
[2020.04.19-06.33.52:739][  0]LogConfig: Applying CVar settings from Section [TextureQuality@3] File [C:/Users/fyf08/Desktop/HOMEWORK/cpsc386/CrossyRoad/Saved/Config/Windows/Scalability.ini]
[2020.04.19-06.33.52:739][  0]LogConfig: Setting CVar [[r.Streaming.MipBias:0]]
[2020.04.19-06.33.52:739][  0]LogConfig: Setting CVar [[r.Streaming.AmortizeCPUToGPUCopy:0]]
[2020.04.19-06.33.52:739][  0]LogConfig: Setting CVar [[r.Streaming.MaxNumTexturesToStreamPerFrame:0]]
[2020.04.19-06.33.52:739][  0]LogConfig: Setting CVar [[r.Streaming.Boost:1]]
[2020.04.19-06.33.52:739][  0]LogConfig: Setting CVar [[r.MaxAnisotropy:8]]
[2020.04.19-06.33.52:739][  0]LogConfig: Setting CVar [[r.VT.MaxAnisotropy:8]]
[2020.04.19-06.33.52:739][  0]LogConfig: Setting CVar [[r.Streaming.LimitPoolSizeToVRAM:0]]
[2020.04.19-06.33.52:739][  0]LogConfig: Setting CVar [[r.Streaming.PoolSize:1000]]
[2020.04.19-06.33.52:739][  0]LogConfig: Setting CVar [[r.Streaming.MaxEffectiveScreenSize:0]]
[2020.04.19-06.33.52:739][  0]LogConfig: Applying CVar settings from Section [EffectsQuality@3] File [C:/Users/fyf08/Desktop/HOMEWORK/cpsc386/CrossyRoad/Saved/Config/Windows/Scalability.ini]
[2020.04.19-06.33.52:739][  0]LogConfig: Setting CVar [[r.TranslucencyLightingVolumeDim:64]]
[2020.04.19-06.33.52:739][  0]LogConfig: Setting CVar [[r.RefractionQuality:2]]
[2020.04.19-06.33.52:739][  0]LogConfig: Setting CVar [[r.SSR.Quality:3]]
[2020.04.19-06.33.52:739][  0]LogConfig: Setting CVar [[r.SSR.HalfResSceneColor:0]]
[2020.04.19-06.33.52:739][  0]LogConfig: Setting CVar [[r.SceneColorFormat:4]]
[2020.04.19-06.33.52:739][  0]LogConfig: Setting CVar [[r.DetailMode:2]]
[2020.04.19-06.33.52:739][  0]LogConfig: Setting CVar [[r.TranslucencyVolumeBlur:1]]
[2020.04.19-06.33.52:739][  0]LogConfig: Setting CVar [[r.MaterialQualityLevel:1 ; High quality]]
[2020.04.19-06.33.52:739][  0]LogConfig: Setting CVar [[r.SSS.Scale:1]]
[2020.04.19-06.33.52:739][  0]LogConfig: Setting CVar [[r.SSS.SampleSet:2]]
[2020.04.19-06.33.52:739][  0]LogConfig: Setting CVar [[r.SSS.Quality:1]]
[2020.04.19-06.33.52:739][  0]LogConfig: Setting CVar [[r.SSS.HalfRes:1]]
[2020.04.19-06.33.52:739][  0]LogConfig: Setting CVar [[r.SSGI.Quality:3]]
[2020.04.19-06.33.52:739][  0]LogConfig: Setting CVar [[r.EmitterSpawnRateScale:1.0]]
[2020.04.19-06.33.52:739][  0]LogConfig: Setting CVar [[r.ParticleLightQuality:2]]
[2020.04.19-06.33.52:739][  0]LogConfig: Setting CVar [[r.SkyAtmosphere.AerialPerspectiveLUT.FastApplyOnOpaque:1 ; Always have FastSkyLUT 1 in this case to avoid wrong sky]]
[2020.04.19-06.33.52:739][  0]LogConfig: Setting CVar [[r.SkyAtmosphere.AerialPerspectiveLUT.SampleCountPerSlice:1]]
[2020.04.19-06.33.52:739][  0]LogConfig: Setting CVar [[r.SkyAtmosphere.AerialPerspectiveLUT.DepthResolution:16.0]]
[2020.04.19-06.33.52:739][  0]LogConfig: Setting CVar [[r.SkyAtmosphere.FastSkyLUT:1]]
[2020.04.19-06.33.52:739][  0]LogConfig: Setting CVar [[r.SkyAtmosphere.FastSkyLUT.SampleCountMin:4.0]]
[2020.04.19-06.33.52:739][  0]LogConfig: Setting CVar [[r.SkyAtmosphere.FastSkyLUT.SampleCountMax:32.0]]
[2020.04.19-06.33.52:739][  0]LogConfig: Setting CVar [[r.SkyAtmosphere.SampleCountMin:4.0]]
[2020.04.19-06.33.52:739][  0]LogConfig: Setting CVar [[r.SkyAtmosphere.SampleCountMax:32.0]]
[2020.04.19-06.33.52:739][  0]LogConfig: Setting CVar [[r.SkyAtmosphere.TransmittanceLUT.UseSmallFormat:0]]
[2020.04.19-06.33.52:739][  0]LogConfig: Setting CVar [[r.SkyAtmosphere.TransmittanceLUT.SampleCount:10.0]]
[2020.04.19-06.33.52:739][  0]LogConfig: Setting CVar [[r.SkyAtmosphere.MultiScatteringLUT.SampleCount:15.0]]
[2020.04.19-06.33.52:739][  0]LogConfig: Applying CVar settings from Section [FoliageQuality@3] File [C:/Users/fyf08/Desktop/HOMEWORK/cpsc386/CrossyRoad/Saved/Config/Windows/Scalability.ini]
[2020.04.19-06.33.52:740][  0]LogConfig: Setting CVar [[foliage.DensityScale:1.0]]
[2020.04.19-06.33.52:740][  0]LogConfig: Setting CVar [[grass.DensityScale:1.0]]
[2020.04.19-06.33.52:740][  0]LogConfig: Applying CVar settings from Section [ShadingQuality@3] File [C:/Users/fyf08/Desktop/HOMEWORK/cpsc386/CrossyRoad/Saved/Config/Windows/Scalability.ini]
[2020.04.19-06.33.52:740][  0]LogConfig: Setting CVar [[r.HairStrands.SkyLighting.SampleCount:16]]
[2020.04.19-06.33.52:740][  0]LogConfig: Setting CVar [[r.HairStrands.SkyLighting.JitterIntegration:0]]
[2020.04.19-06.33.52:740][  0]LogConfig: Setting CVar [[r.HairStrands.SkyAO.SampleCount:16]]
[2020.04.19-06.33.52:740][  0]LogConfig: Applying CVar settings from Section [Startup] File [../../../Engine/Config/ConsoleVariables.ini]
[2020.04.19-06.33.52:740][  0]LogConfig: Setting CVar [[net.UseAdaptiveNetUpdateFrequency:0]]
[2020.04.19-06.33.52:740][  0]LogConfig: Setting CVar [[p.chaos.AllowCreatePhysxBodies:1]]
[2020.04.19-06.33.52:740][  0]LogConfig: Applying CVar settings from Section [ConsoleVariables] File [C:/Users/fyf08/Desktop/HOMEWORK/cpsc386/CrossyRoad/Saved/Config/Windows/Engine.ini]
[2020.04.19-06.33.52:740][  0]LogInit: Computer: DESKTOP-M22BGAV
[2020.04.19-06.33.52:740][  0]LogInit: User: fyf08
[2020.04.19-06.33.52:740][  0]LogInit: CPU Page size=4096, Cores=2
[2020.04.19-06.33.52:740][  0]LogInit: High frequency timer resolution =10.000000 MHz
[2020.04.19-06.33.52:740][  0]LogMemory: Memory total: Physical=7.9GB (8GB approx)
[2020.04.19-06.33.52:740][  0]LogMemory: Platform Memory Stats for Windows
[2020.04.19-06.33.52:740][  0]LogMemory: Process Physical Memory: 104.27 MB used, 104.27 MB peak
[2020.04.19-06.33.52:741][  0]LogMemory: Process Virtual Memory: 99.60 MB used, 99.60 MB peak
[2020.04.19-06.33.52:741][  0]LogMemory: Physical Memory: 5314.82 MB used,  2744.30 MB free, 8059.11 MB total
[2020.04.19-06.33.52:741][  0]LogMemory: Virtual Memory: 5117.13 MB used,  134212608.00 MB free, 134217728.00 MB total
[2020.04.19-06.33.52:744][  0]LogWindows: WindowsPlatformFeatures enabled
[2020.04.19-06.33.52:761][  0]LogInit: Using OS detected language (en-US).
[2020.04.19-06.33.52:761][  0]LogInit: Using OS detected locale (en-US).
[2020.04.19-06.33.52:762][  0]LogTextLocalizationManager: No specific localization for 'en-US' exists, so the 'en' localization will be used.
[2020.04.19-06.33.53:005][  0]LogInit: Setting process to per monitor DPI aware
[2020.04.19-06.33.53:039][  0]LogSlate: New Slate User Created.  User Index 0, Is Virtual User: 0
[2020.04.19-06.33.53:039][  0]LogSlate: Slate User Registered.  User Index 0, Is Virtual User: 0
[2020.04.19-06.33.53:212][  0]LogHMD: Failed to initialize OpenVR with code 110
[2020.04.19-06.33.53:212][  0]LogD3D11RHI: D3D11 min allowed feature level: 11_0
[2020.04.19-06.33.53:212][  0]LogD3D11RHI: D3D11 max allowed feature level: 11_0
[2020.04.19-06.33.53:212][  0]LogD3D11RHI: D3D11 adapters:
[2020.04.19-06.33.53:237][  0]LogD3D11RHI:    0. 'Intel(R) HD Graphics 520' (Feature Level 11_0)
[2020.04.19-06.33.53:237][  0]LogD3D11RHI:       128/0/4029 MB DedicatedVideo/DedicatedSystem/SharedSystem, Outputs:1, VendorId:0x8086
[2020.04.19-06.33.53:239][  0]LogD3D11RHI:    1. 'Microsoft Basic Render Driver' (Feature Level 11_0)
[2020.04.19-06.33.53:239][  0]LogD3D11RHI:       0/0/4029 MB DedicatedVideo/DedicatedSystem/SharedSystem, Outputs:0, VendorId:0x1414
[2020.04.19-06.33.53:239][  0]LogD3D11RHI: Chosen D3D11 Adapter: 0
[2020.04.19-06.33.53:246][  0]LogD3D11RHI: Creating new Direct3DDevice
[2020.04.19-06.33.53:247][  0]LogD3D11RHI:     GPU DeviceId: 0x1916 (for the marketing name, search the web for "GPU Device Id")
[2020.04.19-06.33.53:247][  0]LogWindows: EnumDisplayDevices:
[2020.04.19-06.33.53:247][  0]LogWindows:    0. 'Intel(R) HD Graphics 520' (P:1 D:1)
[2020.04.19-06.33.53:247][  0]LogWindows:    1. 'Intel(R) HD Graphics 520' (P:0 D:0)
[2020.04.19-06.33.53:247][  0]LogWindows:    2. 'Intel(R) HD Graphics 520' (P:0 D:0)
[2020.04.19-06.33.53:248][  0]LogWindows: DebugString: FoundDriverCount:3 
[2020.04.19-06.33.53:248][  0]LogD3D11RHI:     Adapter Name: Intel(R) HD Graphics 520
[2020.04.19-06.33.53:248][  0]LogD3D11RHI:   Driver Version: 26.20.100.7812 (internal:26.20.100.7812, unified:26.20.100.7812)
[2020.04.19-06.33.53:248][  0]LogD3D11RHI:      Driver Date: 1-21-2020
[2020.04.19-06.33.53:248][  0]LogRHI: Texture pool is 1499 MB (70% of 2142 MB)
[2020.04.19-06.33.53:341][  0]LogD3D11RHI: RHI does not have support for 64 bit atomics
[2020.04.19-06.33.53:342][  0]LogD3D11RHI: [IntelMetricsDiscovery] Started
[2020.04.19-06.33.53:342][  0]LogD3D11RHI: Async texture creation enabled
[2020.04.19-06.33.53:350][  0]LogD3D11RHI: GPU Timing Frequency: 12.000048 (Debug: 2 0)
[2020.04.19-06.33.53:823][  0]LogTargetPlatformManager: Display: Loaded TargetPlatform 'AllDesktop'
[2020.04.19-06.33.53:875][  0]LogTargetPlatformManager: Display: Loaded TargetPlatform 'Android'
[2020.04.19-06.33.53:875][  0]LogTargetPlatformManager: Display: Loaded TargetPlatform 'Android_ASTC'
[2020.04.19-06.33.53:875][  0]LogTargetPlatformManager: Display: Loaded TargetPlatform 'Android_ATC'
[2020.04.19-06.33.53:875][  0]LogTargetPlatformManager: Display: Loaded TargetPlatform 'Android_DXT'
[2020.04.19-06.33.53:875][  0]LogTargetPlatformManager: Display: Loaded TargetPlatform 'Android_ETC1'
[2020.04.19-06.33.53:875][  0]LogTargetPlatformManager: Display: Loaded TargetPlatform 'Android_ETC1a'
[2020.04.19-06.33.53:875][  0]LogTargetPlatformManager: Display: Loaded TargetPlatform 'Android_ETC2'
[2020.04.19-06.33.53:875][  0]LogTargetPlatformManager: Display: Loaded TargetPlatform 'Android_PVRTC'
[2020.04.19-06.33.53:875][  0]LogTargetPlatformManager: Display: Loaded TargetPlatform 'AndroidClient'
[2020.04.19-06.33.53:875][  0]LogTargetPlatformManager: Display: Loaded TargetPlatform 'Android_ASTCClient'
[2020.04.19-06.33.53:875][  0]LogTargetPlatformManager: Display: Loaded TargetPlatform 'Android_ATCClient'
[2020.04.19-06.33.53:875][  0]LogTargetPlatformManager: Display: Loaded TargetPlatform 'Android_DXTClient'
[2020.04.19-06.33.53:875][  0]LogTargetPlatformManager: Display: Loaded TargetPlatform 'Android_ETC1Client'
[2020.04.19-06.33.53:875][  0]LogTargetPlatformManager: Display: Loaded TargetPlatform 'Android_ETC1aClient'
[2020.04.19-06.33.53:875][  0]LogTargetPlatformManager: Display: Loaded TargetPlatform 'Android_ETC2Client'
[2020.04.19-06.33.53:875][  0]LogTargetPlatformManager: Display: Loaded TargetPlatform 'Android_PVRTCClient'
[2020.04.19-06.33.53:875][  0]LogTargetPlatformManager: Display: Loaded TargetPlatform 'Android_Multi'
[2020.04.19-06.33.53:875][  0]LogTargetPlatformManager: Display: Loaded TargetPlatform 'Android_MultiClient'
[2020.04.19-06.33.53:900][  0]LogTargetPlatformManager: Display: Loaded TargetPlatform 'IOSClient'
[2020.04.19-06.33.53:900][  0]LogTargetPlatformManager: Display: Loaded TargetPlatform 'IOS'
[2020.04.19-06.33.53:910][  0]LogTargetPlatformManager: Display: Loaded TargetPlatform 'LinuxNoEditor'
[2020.04.19-06.33.53:919][  0]LogTargetPlatformManager: Display: Loaded TargetPlatform 'LinuxClient'
[2020.04.19-06.33.53:928][  0]LogTargetPlatformManager: Display: Loaded TargetPlatform 'LinuxServer'
[2020.04.19-06.33.53:935][  0]LogTargetPlatformManager: Display: Loaded TargetPlatform 'LinuxAArch64NoEditor'
[2020.04.19-06.33.53:944][  0]LogTargetPlatformManager: Display: Loaded TargetPlatform 'LinuxAArch64Client'
[2020.04.19-06.33.53:953][  0]LogTargetPlatformManager: Display: Loaded TargetPlatform 'LinuxAArch64Server'
[2020.04.19-06.33.53:984][  0]LogTargetPlatformManager: Display: Loaded TargetPlatform 'Lumin'
[2020.04.19-06.33.53:984][  0]LogTargetPlatformManager: Display: Loaded TargetPlatform 'LuminClient'
[2020.04.19-06.33.54:001][  0]LogTargetPlatformManager: Display: Loaded TargetPlatform 'TVOSClient'
[2020.04.19-06.33.54:001][  0]LogTargetPlatformManager: Display: Loaded TargetPlatform 'TVOS'
[2020.04.19-06.33.54:009][  0]LogTargetPlatformManager: Display: Loaded TargetPlatform 'WindowsNoEditor'
[2020.04.19-06.33.54:018][  0]LogTargetPlatformManager: Display: Loaded TargetPlatform 'Windows'
[2020.04.19-06.33.54:026][  0]LogTargetPlatformManager: Display: Loaded TargetPlatform 'WindowsClient'
[2020.04.19-06.33.54:035][  0]LogTargetPlatformManager: Display: Loaded TargetPlatform 'WindowsServer'
[2020.04.19-06.33.54:035][  0]LogTargetPlatformManager: Display: Building Assets For Windows
[2020.04.19-06.33.54:038][  0]LogAudioDebug: Display: Lib vorbis DLL was dynamically loaded.
[2020.04.19-06.33.54:066][  0]LogShaderCompilers: Guid format shader working directory is -19 characters bigger than the processId version (../../../../../../Users/fyf08/Desktop/HOMEWORK/cpsc386/CrossyRoad/Intermediate/Shaders/WorkingDirectory/6948/).
[2020.04.19-06.33.54:066][  0]LogShaderCompilers: Cleaned the shader compiler working directory 'C:/Users/fyf08/AppData/Local/Temp/UnrealShaderWorkingDir/99B3FA7B4A38C37F4C46F7A8A924FFC4/'.
[2020.04.19-06.33.54:067][  0]LogXGEController: Cannot use XGE Controller as Incredibuild is not installed on this machine.
[2020.04.19-06.33.54:067][  0]LogShaderCompilers: Cannot use XGE Shader Compiler as Incredibuild is not installed on this machine.
[2020.04.19-06.33.54:067][  0]LogShaderCompilers: Display: Using Local Shader Compiler.
[2020.04.19-06.33.54:935][  0]LogDerivedDataCache: Display: Max Cache Size: 512 MB
[2020.04.19-06.33.54:995][  0]LogDerivedDataCache: Loaded boot cache 0.06s 78MB C:/Users/fyf08/AppData/Local/UnrealEngine/4.24/DerivedDataCache/Boot.ddc.
[2020.04.19-06.33.54:995][  0]LogDerivedDataCache: Display: Loaded Boot cache: C:/Users/fyf08/AppData/Local/UnrealEngine/4.24/DerivedDataCache/Boot.ddc
[2020.04.19-06.33.54:995][  0]LogDerivedDataCache: FDerivedDataBackendGraph:  Pak pak cache file ../../../../../../Users/fyf08/Desktop/HOMEWORK/cpsc386/CrossyRoad/DerivedDataCache/DDC.ddp not found, will not use a pak cache.
[2020.04.19-06.33.54:995][  0]LogDerivedDataCache: Unable to find inner node Pak for hierarchical cache Hierarchy.
[2020.04.19-06.33.54:995][  0]LogDerivedDataCache: FDerivedDataBackendGraph:  CompressedPak pak cache file ../../../../../../Users/fyf08/Desktop/HOMEWORK/cpsc386/CrossyRoad/DerivedDataCache/Compressed.ddp not found, will not use a pak cache.
[2020.04.19-06.33.54:995][  0]LogDerivedDataCache: Unable to find inner node CompressedPak for hierarchical cache Hierarchy.
[2020.04.19-06.33.55:007][  0]LogDerivedDataCache: Display: Pak cache opened for reading ../../../Engine/DerivedDataCache/Compressed.ddp.
[2020.04.19-06.33.55:007][  0]LogDerivedDataCache: FDerivedDataBackendGraph:  EnterprisePak pak cache file ../../../Enterprise/DerivedDataCache/Compressed.ddp not found, will not use a pak cache.
[2020.04.19-06.33.55:007][  0]LogDerivedDataCache: Unable to find inner node EnterprisePak for hierarchical cache Hierarchy.
[2020.04.19-06.33.55:008][  0]LogDerivedDataCache: Using Local data cache path C:/Users/fyf08/AppData/Local/UnrealEngine/Common/DerivedDataCache: Writable
[2020.04.19-06.33.55:009][  0]LogDerivedDataCache: Shared data cache path not found in *engine.ini, will not use an Shared cache.
[2020.04.19-06.33.55:009][  0]LogDerivedDataCache: Unable to find inner node Shared for hierarchical cache Hierarchy.
[2020.04.19-06.33.55:043][  0]LogMaterial: Verifying Global Shaders for PCD3D_SM5
[2020.04.19-06.33.55:046][  0]LogSlate: Using FreeType 2.10.0
[2020.04.19-06.33.55:046][  0]LogSlate: SlateFontServices - WITH_FREETYPE: 1, WITH_HARFBUZZ: 1
[2020.04.19-06.33.55:104][  0]LogAssetRegistry: FAssetRegistry took 0.0028 seconds to start up
[2020.04.19-06.33.55:473][  0]LogInit: Selected Device Profile: [Windows]
[2020.04.19-06.33.55:699][  0]LogMeshReduction: Using QuadricMeshReduction for automatic static mesh reduction
[2020.04.19-06.33.55:700][  0]LogMeshReduction: Using SimplygonMeshReduction for automatic skeletal mesh reduction
[2020.04.19-06.33.55:700][  0]LogMeshReduction: Using ProxyLODMeshReduction for automatic mesh merging
[2020.04.19-06.33.55:700][  0]LogMeshReduction: No distributed automatic mesh merging module available
[2020.04.19-06.33.55:700][  0]LogMeshMerging: No distributed automatic mesh merging module available
[2020.04.19-06.33.55:715][  0]LogNetVersion: CrossyRoad 1.0.0, NetCL: 10570792, EngineNetVer: 13, GameNetVer: 0 (Checksum: 3907917589)
[2020.04.19-06.33.57:280][  0]LogPackageLocalizationCache: Processed 10 localized package path(s) for 1 prioritized culture(s) in 0.087677 seconds
[2020.04.19-06.33.57:292][  0]LogUObjectArray: 46750 objects as part of root set at end of initial load.
[2020.04.19-06.33.57:292][  0]LogUObjectAllocator: 8137160 out of 0 bytes used by permanent object pool.
[2020.04.19-06.33.57:292][  0]LogUObjectArray: CloseDisregardForGC: 0/0 objects in disregard for GC pool
[2020.04.19-06.33.57:920][  0]LogTcpMessaging: Initializing TcpMessaging bridge
[2020.04.19-06.33.57:924][  0]LogUdpMessaging: Initializing bridge on interface 0.0.0.0:0 to multicast group 230.0.0.1:6666.
[2020.04.19-06.33.57:994][  0]SourceControl: Source control is disabled
[2020.04.19-06.33.57:994][  0]SourceControl: Source control is disabled
[2020.04.19-06.33.57:996][  0]SourceControl: Source control is disabled
[2020.04.19-06.33.57:997][  0]SourceControl: Source control is disabled
[2020.04.19-06.33.57:998][  0]SourceControl: Source control is disabled
[2020.04.19-06.33.58:116][  0]LogAndroidPermission: UAndroidPermissionCallbackProxy::GetInstance
[2020.04.19-06.33.58:132][  0]LogAudioCaptureCore: Display: No Audio Capture implementations found. Audio input will be silent.
[2020.04.19-06.33.58:132][  0]LogAudioCaptureCore: Display: No Audio Capture implementations found. Audio input will be silent.
[2020.04.19-06.33.58:287][  0]LogOcInput: OculusInput pre-init called
[2020.04.19-06.33.58:301][  0]LogWindows: Failed to load 'OVRPlugin.dll' (GetLastError=126)
[2020.04.19-06.33.58:301][  0]LogWindows: File 'OVRPlugin.dll' does not exist
[2020.04.19-06.33.58:437][  0]LogEngine: Initializing Engine...
[2020.04.19-06.33.58:438][  0]LogHMD: Failed to initialize OpenVR with code 110
[2020.04.19-06.33.58:440][  0]LogStats: UGameplayTagsManager::InitializeManager -  0.000 s
[2020.04.19-06.33.58:974][  0]LogInit: Initializing FReadOnlyCVARCache
[2020.04.19-06.33.58:983][  0]LogAIModule: Creating AISystem for world Untitled
[2020.04.19-06.33.59:211][  0]LogAudioMixer: Display: Audio Mixer Platform Settings:
[2020.04.19-06.33.59:211][  0]LogAudioMixer: Display: 	Sample Rate:						  48000
[2020.04.19-06.33.59:211][  0]LogAudioMixer: Display: 	Callback Buffer Frame Size Requested: 1024
[2020.04.19-06.33.59:211][  0]LogAudioMixer: Display: 	Callback Buffer Frame Size To Use:	  1024
[2020.04.19-06.33.59:211][  0]LogAudioMixer: Display: 	Number of buffers to queue:			  2
[2020.04.19-06.33.59:211][  0]LogAudioMixer: Display: 	Max Channels (voices):				  32
[2020.04.19-06.33.59:211][  0]LogAudioMixer: Display: 	Number of Async Source Workers:		  0
[2020.04.19-06.33.59:211][  0]LogAudio: Display: AudioDevice MaxSources: 32
[2020.04.19-06.33.59:212][  0]LogAudio: Display: Using built-in audio occlusion.
[2020.04.19-06.33.59:212][  0]LogAudioMixer: Display: Initializing audio mixer.
[2020.04.19-06.33.59:229][  0]LogAudioMixer: Display: Audio Device Output Speaker Info:
[2020.04.19-06.33.59:229][  0]LogAudioMixer: Display: Name: Speaker/HP (2- Realtek High Definition Audio)
[2020.04.19-06.33.59:229][  0]LogAudioMixer: Display: Is Default: Yes
[2020.04.19-06.33.59:229][  0]LogAudioMixer: Display: Sample Rate: 48000
[2020.04.19-06.33.59:229][  0]LogAudioMixer: Display: Channel Count Used: 2
[2020.04.19-06.33.59:229][  0]LogAudioMixer: Display: Device Channel Count: 2
[2020.04.19-06.33.59:229][  0]LogAudioMixer: Display: Channel Order:
[2020.04.19-06.33.59:229][  0]LogAudioMixer: Display: 0: FrontLeft
[2020.04.19-06.33.59:229][  0]LogAudioMixer: Display: 1: FrontRight
[2020.04.19-06.33.59:257][  0]LogAudioMixer: Display: Using Audio Device Speaker/HP (2- Realtek High Definition Audio)
[2020.04.19-06.33.59:264][  0]LogInit: FAudioDevice initialized.
[2020.04.19-06.33.59:264][  0]LogNetVersion: Set ProjectVersion to 1.0.0.0. Version Checksum will be recalculated on next use.
[2020.04.19-06.33.59:357][  0]LogDerivedDataCache: Saved boot cache 0.09s 78MB C:/Users/fyf08/AppData/Local/UnrealEngine/4.24/DerivedDataCache/Boot.ddc.
[2020.04.19-06.33.59:362][  0]LogInit: Texture streaming: Enabled
[2020.04.19-06.33.59:373][  0]LogEngineSessionManager: EngineSessionManager initialized
[2020.04.19-06.33.59:373][  0]LogEditorSessionSummary: Verbose: Initializing EditorSessionSummaryWriter for editor session tracking
[2020.04.19-06.33.59:375][  0]LogEditorSessionSummary: EditorSessionSummaryWriter initialized
[2020.04.19-06.33.59:442][  0]LogInit: Transaction tracking system initialized
[2020.04.19-06.33.59:455][  0]BlueprintLog: New page: Editor Load
[2020.04.19-06.33.59:492][  0]LocalizationService: Localization service is disabled
[2020.04.19-06.33.59:931][  0]LogFileCache: Scanning file cache for directory 'C:/Users/fyf08/Desktop/HOMEWORK/cpsc386/CrossyRoad/Content/' took 0.00s
[2020.04.19-06.33.59:931][  0]LogCook: Display: Max memory allowance for cook 16384mb min free memory 0mb
[2020.04.19-06.33.59:931][  0]LogCook: Display: Mobile HDR setting 1
[2020.04.19-06.34.00:942][  0]SourceControl: Source control is disabled
[2020.04.19-06.34.00:943][  0]Cmd: MAP LOAD FILE="../../../Engine/Content/Maps/Templates/Template_Default.umap" TEMPLATE=1 SHOWPROGRESS=1 FEATURELEVEL=3
[2020.04.19-06.34.00:943][  0]LightingResults: New page: Lighting Build
[2020.04.19-06.34.00:944][  0]LogWorld: UWorld::CleanupWorld for Untitled, bSessionEnded=true, bCleanupResources=true
[2020.04.19-06.34.00:944][  0]LogSlate: InvalidateAllWidgets triggered.  All widgets were invalidated
[2020.04.19-06.34.00:944][  0]MapCheck: New page: Map Check
[2020.04.19-06.34.00:944][  0]LightingResults: New page: Lighting Build
[2020.04.19-06.34.00:976][  0]LogUObjectHash: Compacting FUObjectHashTables data took   2.29ms
[2020.04.19-06.34.01:093][  0]LogAIModule: Creating AISystem for world Untitled_1
[2020.04.19-06.34.01:098][  0]LogEditorServer: Finished looking for orphan Actors (0.000 secs)
[2020.04.19-06.34.01:137][  0]LogUObjectHash: Compacting FUObjectHashTables data took   3.02ms
[2020.04.19-06.34.01:137][  0]Cmd: MAP CHECKDEP NOCLEARLOG
[2020.04.19-06.34.01:138][  0]MapCheck: Map check complete: 0 Error(s), 0 Warning(s), took 0.187ms to complete.
[2020.04.19-06.34.01:138][  0]LogFileHelpers: Loading map 'Template_Default' took 0.195
[2020.04.19-06.34.01:400][  0]LogSlate: Updating window title bar state: overlay mode, drag disabled, window buttons hidden, title bar hidden
[2020.04.19-06.34.01:412][  0]LogSlate: Updating window title bar state: overlay mode, drag disabled, window buttons hidden, title bar hidden
[2020.04.19-06.34.01:419][  0]LogSlate: Updating window title bar state: overlay mode, drag disabled, window buttons hidden, title bar hidden
[2020.04.19-06.34.01:427][  0]LogSlate: Updating window title bar state: overlay mode, drag disabled, window buttons hidden, title bar hidden
[2020.04.19-06.34.01:445][  0]LogCollectionManager: Loaded 0 collections in 0.002114 seconds
[2020.04.19-06.34.01:498][  0]LogFileCache: Scanning file cache for directory 'C:/Users/fyf08/Desktop/HOMEWORK/cpsc386/CrossyRoad/Saved/Collections/' took 0.00s
[2020.04.19-06.34.01:498][  0]LogFileCache: Scanning file cache for directory 'C:/Users/fyf08/Desktop/HOMEWORK/cpsc386/CrossyRoad/Content/Developers/fyf08/Collections/' took 0.00s
[2020.04.19-06.34.01:498][  0]LogFileCache: Scanning file cache for directory 'C:/Users/fyf08/Desktop/HOMEWORK/cpsc386/CrossyRoad/Content/Collections/' took 0.00s
[2020.04.19-06.34.01:498][  0]LogContentBrowser: Native class hierarchy populated in 0.0111 seconds. Added 3015 classes and 717 folders.
[2020.04.19-06.34.01:511][  0]LogContentBrowser: Native class hierarchy updated for 'WidgetCarousel' in 0.0003 seconds. Added 0 classes and 0 folders.
[2020.04.19-06.34.01:974][  0]LogContentBrowser: Native class hierarchy updated for 'AddContentDialog' in 0.0003 seconds. Added 0 classes and 0 folders.
[2020.04.19-06.34.01:994][  0]LogContentBrowser: Native class hierarchy updated for 'SceneOutliner' in 0.0006 seconds. Added 2 classes and 3 folders.
[2020.04.19-06.34.02:311][  0]LogSlate: Took 0.000237 seconds to synchronously load lazily loaded font '../../../Engine/Content/Slate/Fonts/Roboto-Regular.ttf' (155K)
[2020.04.19-06.34.02:318][  0]LogSlate: Took 0.000153 seconds to synchronously load lazily loaded font '../../../Engine/Content/Slate/Fonts/Roboto-Bold.ttf' (160K)
[2020.04.19-06.34.02:334][  0]LogSlate: Took 0.006731 seconds to synchronously load lazily loaded font '../../../Engine/Content/Editor/Slate/Fonts/FontAwesome.ttf' (139K)
[2020.04.19-06.34.02:517][  0]LogRenderer: Reallocating scene render targets to support 636x344 Format 10 NumSamples 1 (Frame:1).
[2020.04.19-06.34.04:062][  0]LogContentBrowser: Native class hierarchy updated for 'HierarchicalLODOutliner' in 0.0005 seconds. Added 0 classes and 0 folders.
[2020.04.19-06.34.04:062][  0]LogLoad: (Engine Initialization) Total time: 12.92 seconds
[2020.04.19-06.34.04:062][  0]LogLoad: (Engine Initialization) Total Blueprint compile time: 0.00 seconds
[2020.04.19-06.34.04:144][  0]LogContentStreaming: Texture pool size now 1000 MB
[2020.04.19-06.34.04:198][  1]LogAssetRegistry: Asset discovery search completed in 9.0947 seconds
[2020.04.19-06.34.04:204][  1]LogCollectionManager: Fixed up redirectors for 0 collections in 0.000013 seconds (updated 0 objects)
[2020.04.19-06.34.10:689][278]LogSlate: Took 0.010333 seconds to synchronously load lazily loaded font '../../../Engine/Content/Slate/Fonts/Roboto-Light.ttf' (167K)
[2020.04.19-07.10.00:001][865]LogRenderer: Reallocating scene render targets to support 800x464 Format 10 NumSamples 1 (Frame:477).
[2020.04.19-07.10.07:265][884]LogRenderer: Reallocating scene render targets to support 960x568 Format 10 NumSamples 1 (Frame:479).
[2020.04.19-07.20.33:501][752]LogWindowsTextInputMethodSystem: Display: IME system now deactivated.
[2020.04.19-07.20.33:580][752]LogWindowsTextInputMethodSystem: Display: IME system now activated using TSF (谷歌拼音输入法 2).
[2020.04.19-07.20.35:537][825]LogLinker: Warning: While loading '../../../../../../Users/fyf08/Desktop/HOMEWORK/cpsc386/CrossyRoad/Content/CrossyRoad.umap' failed to load '/Game/CrossyRoad_BuiltData': Can't find file.
[2020.04.19-07.20.35:538][825]LogLinker: Warning: While loading '../../../../../../Users/fyf08/Desktop/HOMEWORK/cpsc386/CrossyRoad/Content/CrossyRoad.umap' failed to load '/Game/CrossyRoad_BuiltData': Can't find file.
[2020.04.19-07.20.35:539][825]LogLinker: Warning: While loading '../../../../../../Users/fyf08/Desktop/HOMEWORK/cpsc386/CrossyRoad/Content/CrossyRoad.umap' failed to load '/Game/CrossyRoad_BuiltData': Can't find file.
[2020.04.19-07.20.35:539][825]LogLinker: Warning: While loading '../../../../../../Users/fyf08/Desktop/HOMEWORK/cpsc386/CrossyRoad/Content/CrossyRoad.umap' failed to load '/Game/CrossyRoad_BuiltData': Can't find file.
[2020.04.19-07.20.35:551][825]LogLinker: Warning: While loading '../../../../../../Users/fyf08/Desktop/HOMEWORK/cpsc386/CrossyRoad/Content/CrossyRoad.umap' failed to load '/Game/CrossyRoad_BuiltData': Can't find file.
[2020.04.19-07.20.35:553][825]LoadErrors: Failed to load /Game/CrossyRoad_BuiltData.CrossyRoad_BuiltData Referenced by PersistentLevel
[2020.04.19-07.20.35:554][825]LogLinker: Warning: While loading '../../../../../../Users/fyf08/Desktop/HOMEWORK/cpsc386/CrossyRoad/Content/CrossyRoad.umap' failed to load '/Game/CrossyRoad_BuiltData': Can't find file.
[2020.04.19-07.20.35:670][825]LogAIModule: Creating AISystem for world CrossyRoad
[2020.04.19-07.38.55:063][523]LogSlate: Took 0.000239 seconds to synchronously load lazily loaded font '../../../Engine/Content/Slate/Fonts/Roboto-Light.ttf' (167K)
[2020.04.19-07.38.55:112][523]LogAssetEditorSubsystem: Opening Asset editor for Blueprint /Game/Blueprint/Chicken.Chicken
[2020.04.19-07.38.55:771][523]LogContentBrowser: Native class hierarchy updated for 'BlueprintGraph' in 0.0013 seconds. Added 121 classes and 0 folders.
[2020.04.19-07.38.57:085][523]LogSlate: Took 0.008834 seconds to synchronously load lazily loaded font '../../../Engine/Content/Slate/Fonts/Roboto-BoldCondensed.ttf' (158K)
[2020.04.19-07.38.57:264][524]LogSlate: Took 0.010254 seconds to synchronously load lazily loaded font '../../../Engine/Content/Slate/Fonts/Roboto-Italic.ttf' (157K)
[2020.04.19-07.45.30:854][185]LogSlate: Took 0.020169 seconds to synchronously load lazily loaded font '../../../Engine/Content/Slate/Fonts/DroidSansFallback.ttf' (3848K)
[2020.04.19-07.46.11:132][399]LogEditorTransaction: Undo Move Node
[2020.04.19-07.46.12:635][451]LogEditorTransaction: Undo Add Node
[2020.04.19-07.47.26:312][547]LogEditorTransaction: Undo Create Pin Link
[2020.04.19-07.47.29:714][707]LogEditorTransaction: Undo Move Nodes
[2020.04.19-07.47.30:423][728]LogEditorTransaction: Undo Add Node
[2020.04.19-07.48.12:608][498]LogUObjectHash: Compacting FUObjectHashTables data took   4.96ms
[2020.04.19-07.48.12:613][498]LogFileHelpers: Editor autosave (incl. sublevels) for '/Temp/Untitled_1' took 0.055
[2020.04.19-07.48.12:614][498]OBJ SavePackage: Generating thumbnails for [1] asset(s) in package [/Game/Blueprint/Chicken] ([1] browsable assets)...
[2020.04.19-07.48.12:669][498]OBJ SavePackage:     Rendered thumbnail for [Blueprint /Game/Blueprint/Chicken.Chicken]
[2020.04.19-07.48.12:669][498]OBJ SavePackage: Finished generating thumbnails for package [/Game/Blueprint/Chicken]
[2020.04.19-07.48.12:731][498]LogSavePackage: Moving '../../../../../../Users/fyf08/Desktop/HOMEWORK/cpsc386/CrossyRoad/Saved/Chicken_Auto13388717747293D4EAB3155AE783E7128.tmp' to '../../../../../../Users/fyf08/Desktop/HOMEWORK/cpsc386/CrossyRoad/Saved/Autosaves/Game/Blueprint/Chicken_Auto1.uasset'
[2020.04.19-07.48.12:733][498]LogFileHelpers: Auto-saving content packages took 0.120
[2020.04.19-10.29.59:274][442]LogSlate: Window 'Chicken' being destroyed
[2020.04.19-10.29.59:293][442]LogSlate: Window 'Chicken' being destroyed
[2020.04.19-10.29.59:301][442]LogWorld: UWorld::CleanupWorld for World_1, bSessionEnded=true, bCleanupResources=true
[2020.04.19-10.29.59:301][442]LogSlate: InvalidateAllWidgets triggered.  All widgets were invalidated
[2020.04.19-10.30.00:102][470]LogUObjectHash: Compacting FUObjectHashTables data took  10.28ms
[2020.04.19-10.30.01:645][470]LogSlate: Window 'Save Content' being destroyed
[2020.04.19-10.30.01:760][470]Cmd: OBJ SAVEPACKAGE PACKAGE="/Game/Blueprint/Chicken" FILE="../../../../../../Users/fyf08/Desktop/HOMEWORK/cpsc386/CrossyRoad/Content/Blueprint/Chicken.uasset" SILENT=true
[2020.04.19-10.30.01:851][470]LogSavePackage: Moving '../../../../../../Users/fyf08/Desktop/HOMEWORK/cpsc386/CrossyRoad/Saved/Chicken8453BC424194E840FEC8DA85377FA8CF.tmp' to '../../../../../../Users/fyf08/Desktop/HOMEWORK/cpsc386/CrossyRoad/Content/Blueprint/Chicken.uasset'
[2020.04.19-10.30.02:151][470]LogSlate: Window 'CrossyRoad - Unreal Editor' being destroyed
[2020.04.19-10.30.02:171][470]LogWindowsTextInputMethodSystem: Display: IME system now activated using TSF (谷歌拼音输入法 2).
[2020.04.19-10.30.02:620][470]AssetCheck: New page: Asset Save: Chicken
[2020.04.19-10.30.02:620][470]LogContentValidation: Display: Validating Blueprint /Game/Blueprint/Chicken.Chicken
[2020.04.19-10.30.02:654][471]Cmd: QUIT_EDITOR
[2020.04.19-10.30.02:654][471]LogCore: Engine exit requested (reason: UUnrealEdEngine::CloseEditor())
[2020.04.19-10.30.02:687][471]LogCore: Engine exit requested (reason: EngineExit() was called; note: exit was already requested)
[2020.04.19-10.30.02:688][471]LogAudioMixer: Display: No commands were queued while flushing the source manager.
[2020.04.19-10.30.02:804][471]LogExit: Preparing to exit.
[2020.04.19-10.30.03:826][471]LogWorld: UWorld::CleanupWorld for World_0, bSessionEnded=true, bCleanupResources=true
[2020.04.19-10.30.04:076][471]LogDemo: Cleaned up 0 splitscreen connections with owner deletion
[2020.04.19-10.30.04:199][471]LogWorld: UWorld::CleanupWorld for None, bSessionEnded=true, bCleanupResources=true
[2020.04.19-10.30.04:203][471]LogExit: Editor shut down
[2020.04.19-10.30.04:251][471]LogExit: Transaction tracking system shut down
[2020.04.19-10.30.05:042][471]LogExit: Object subsystem successfully closed.
[2020.04.19-10.30.05:091][471]LogShaderCompilers: Display: Shaders left to compile 0
[2020.04.19-10.30.05:234][471]LogModuleManager: Shutting down and abandoning module BlueprintGraph (700)
[2020.04.19-10.30.05:234][471]LogModuleManager: Shutting down and abandoning module HierarchicalLODOutliner (698)
[2020.04.19-10.30.05:234][471]LogModuleManager: Shutting down and abandoning module SceneOutliner (696)
[2020.04.19-10.30.05:234][471]LogModuleManager: Shutting down and abandoning module AddContentDialog (694)
[2020.04.19-10.30.05:242][471]LogModuleManager: Shutting down and abandoning module WidgetCarousel (693)
[2020.04.19-10.30.05:242][471]LogModuleManager: Shutting down and abandoning module EditorWidgets (690)
[2020.04.19-10.30.05:242][471]LogModuleManager: Shutting down and abandoning module CollectionManager (688)
[2020.04.19-10.30.05:244][471]LogModuleManager: Shutting down and abandoning module HierarchicalLODUtilities (686)
[2020.04.19-10.30.05:244][471]LogModuleManager: Shutting down and abandoning module StatsViewer (684)
[2020.04.19-10.30.05:245][471]LogModuleManager: Shutting down and abandoning module VirtualTexturingEditor (682)
[2020.04.19-10.30.05:246][471]LogModuleManager: Shutting down and abandoning module FoliageEdit (680)
[2020.04.19-10.30.05:247][471]LogModuleManager: Shutting down and abandoning module LandscapeEditor (678)
[2020.04.19-10.30.05:250][471]LogModuleManager: Shutting down and abandoning module MeshPaintMode (676)
[2020.04.19-10.30.05:250][471]LogModuleManager: Shutting down and abandoning module SceneDepthPickerMode (674)
[2020.04.19-10.30.05:250][471]LogModuleManager: Shutting down and abandoning module ActorPickerMode (672)
[2020.04.19-10.30.05:251][471]LogModuleManager: Shutting down and abandoning module GeometryMode (670)
[2020.04.19-10.30.05:251][471]LogModuleManager: Shutting down and abandoning module TextureAlignMode (668)
[2020.04.19-10.30.05:251][471]LogModuleManager: Shutting down and abandoning module BspMode (666)
[2020.04.19-10.30.05:251][471]LogModuleManager: Shutting down and abandoning module PIEPreviewDeviceProfileSelector (664)
[2020.04.19-10.30.05:252][471]LogModuleManager: Shutting down and abandoning module SequenceRecorderSections (662)
[2020.04.19-10.30.05:252][471]LogModuleManager: Shutting down and abandoning module AutomationWorker (660)
[2020.04.19-10.30.05:252][471]LogModuleManager: Shutting down and abandoning module SteamVREditor (658)
[2020.04.19-10.30.05:252][471]LogModuleManager: Shutting down and abandoning module OculusMR (656)
[2020.04.19-10.30.05:253][471]LogModuleManager: Shutting down and abandoning module AudioCaptureEditor (654)
[2020.04.19-10.30.05:253][471]LogModuleManager: Shutting down and abandoning module MatineeToLevelSequence (652)
[2020.04.19-10.30.05:254][471]LogModuleManager: Shutting down and abandoning module LevelSequenceEditor (650)
[2020.04.19-10.30.05:257][471]LogModuleManager: Shutting down and abandoning module PlacementMode (649)
[2020.04.19-10.30.05:257][471]LogModuleManager: Shutting down and abandoning module MaterialEditor (648)
[2020.04.19-10.30.05:259][471]LogModuleManager: Shutting down and abandoning module ActorSequenceEditor (644)
[2020.04.19-10.30.05:260][471]LogModuleManager: Shutting down and abandoning module WmfMediaFactory (642)
[2020.04.19-10.30.05:260][471]LogModuleManager: Shutting down and abandoning module WmfMediaEditor (640)
[2020.04.19-10.30.05:260][471]LogModuleManager: Shutting down and abandoning module WebMMediaFactory (638)
[2020.04.19-10.30.05:260][471]LogModuleManager: Shutting down and abandoning module WebMMediaEditor (636)
[2020.04.19-10.30.05:260][471]LogModuleManager: Shutting down and abandoning module WebMMedia (634)
[2020.04.19-10.30.05:260][471]LogModuleManager: Shutting down and abandoning module MediaPlayerEditor (632)
[2020.04.19-10.30.05:262][471]LogModuleManager: Shutting down and abandoning module MediaCompositingEditor (630)
[2020.04.19-10.30.05:264][471]LogModuleManager: Shutting down and abandoning module SequenceRecorder (629)
[2020.04.19-10.30.05:264][471]LogModuleManager: Shutting down and abandoning module OpenExrWrapper (626)
[2020.04.19-10.30.05:264][471]LogModuleManager: Shutting down and abandoning module ImgMediaFactory (624)
[2020.04.19-10.30.05:264][471]LogModuleManager: Shutting down and abandoning module ImgMediaEditor (622)
[2020.04.19-10.30.05:264][471]LogModuleManager: Shutting down and abandoning module AvfMediaFactory (620)
[2020.04.19-10.30.05:264][471]LogModuleManager: Shutting down and abandoning module AvfMediaEditor (618)
[2020.04.19-10.30.05:264][471]LogModuleManager: Shutting down and abandoning module AndroidMediaFactory (616)
[2020.04.19-10.30.05:264][471]LogModuleManager: Shutting down and abandoning module AndroidMediaEditor (614)
[2020.04.19-10.30.05:264][471]LogModuleManager: Shutting down and abandoning module MagicLeapMediaCodecFactory (612)
[2020.04.19-10.30.05:264][471]LogModuleManager: Shutting down and abandoning module MagicLeapMediaFactory (610)
[2020.04.19-10.30.05:264][471]LogModuleManager: Shutting down and abandoning module MagicLeapMediaEditor (608)
[2020.04.19-10.30.05:264][471]LogModuleManager: Shutting down and abandoning module CharacterAI (606)
[2020.04.19-10.30.05:264][471]LogModuleManager: Shutting down and abandoning module SmartSnapping (604)
[2020.04.19-10.30.05:264][471]LogModuleManager: Shutting down and abandoning module SessionServices (602)
[2020.04.19-10.30.05:265][471]LogModuleManager: Shutting down and abandoning module MeshPaint (600)
[2020.04.19-10.30.05:267][471]LogModuleManager: Shutting down and abandoning module ViewportSnapping (598)
[2020.04.19-10.30.05:267][471]LogModuleManager: Shutting down and abandoning module ViewportInteraction (596)
[2020.04.19-10.30.05:267][471]LogModuleManager: Shutting down and abandoning module ClothPainter (594)
[2020.04.19-10.30.05:268][471]LogModuleManager: Shutting down and abandoning module SkeletalMeshEditor (593)
[2020.04.19-10.30.05:270][471]LogModuleManager: Shutting down and abandoning module LogVisualizer (590)
[2020.04.19-10.30.05:272][471]LogModuleManager: Shutting down and abandoning module IntroTutorials (588)
[2020.04.19-10.30.05:273][471]LogModuleManager: Shutting down and abandoning module GameProjectGeneration (587)
[2020.04.19-10.30.05:274][471]LogModuleManager: Shutting down and abandoning module LuminPlatformEditor (584)
[2020.04.19-10.30.05:274][471]LogModuleManager: Shutting down and abandoning module IOSPlatformEditor (582)
[2020.04.19-10.30.05:274][471]LogModuleManager: Shutting down and abandoning module AndroidPlatformEditor (580)
[2020.04.19-10.30.05:275][471]LogModuleManager: Shutting down and abandoning module AndroidDeviceDetection (579)
[2020.04.19-10.30.06:394][471]LogModuleManager: Shutting down and abandoning module WindowsPlatformEditor (576)
[2020.04.19-10.30.06:394][471]LogModuleManager: Shutting down and abandoning module LuminRuntimeSettings (574)
[2020.04.19-10.30.06:394][471]LogModuleManager: Shutting down and abandoning module IOSRuntimeSettings (572)
[2020.04.19-10.30.06:394][471]LogModuleManager: Shutting down and abandoning module AndroidRuntimeSettings (570)
[2020.04.19-10.30.06:394][471]LogModuleManager: Shutting down and abandoning module EditorInteractiveToolsFramework (568)
[2020.04.19-10.30.06:394][471]LogModuleManager: Shutting down and abandoning module TimeManagementEditor (566)
[2020.04.19-10.30.06:394][471]LogModuleManager: Shutting down and abandoning module InputBindingEditor (564)
[2020.04.19-10.30.06:395][471]LogModuleManager: Shutting down and abandoning module MergeActors (562)
[2020.04.19-10.30.06:397][471]LogModuleManager: Shutting down and abandoning module LocalizationDashboard (560)
[2020.04.19-10.30.06:398][471]LogModuleManager: Shutting down and abandoning module LocalizationService (559)
[2020.04.19-10.30.06:398][471]LogModuleManager: Shutting down and abandoning module HardwareTargeting (556)
[2020.04.19-10.30.06:398][471]LogModuleManager: Shutting down and abandoning module DeviceProfileEditor (554)
[2020.04.19-10.30.06:398][471]LogModuleManager: Shutting down and abandoning module UndoHistory (552)
[2020.04.19-10.30.06:401][471]LogModuleManager: Shutting down and abandoning module XmlParser (550)
[2020.04.19-10.30.06:401][471]LogModuleManager: Shutting down and abandoning module Blutility (548)
[2020.04.19-10.30.06:401][471]LogModuleManager: Shutting down and abandoning module ProjectSettingsViewer (546)
[2020.04.19-10.30.06:401][471]LogModuleManager: Shutting down and abandoning module ProjectTargetPlatformEditor (545)
[2020.04.19-10.30.06:403][471]LogModuleManager: Shutting down and abandoning module EditorSettingsViewer (542)
[2020.04.19-10.30.06:403][471]LogModuleManager: Shutting down and abandoning module SettingsEditor (540)
[2020.04.19-10.30.06:404][471]LogModuleManager: Shutting down and abandoning module ProjectLauncher (538)
[2020.04.19-10.30.06:405][471]LogModuleManager: Shutting down and abandoning module SessionFrontend (536)
[2020.04.19-10.30.06:406][471]LogModuleManager: Shutting down and abandoning module ProfilerClient (534)
[2020.04.19-10.30.06:407][471]LogModuleManager: Shutting down and abandoning module DeviceManager (532)
[2020.04.19-10.30.06:408][471]LogModuleManager: Shutting down and abandoning module TargetDeviceServices (531)
[2020.04.19-10.30.06:466][471]LogModuleManager: Shutting down and abandoning module AutomationController (528)
[2020.04.19-10.30.06:469][471]LogModuleManager: Shutting down and abandoning module AutomationWindow (526)
[2020.04.19-10.30.06:473][471]LogModuleManager: Shutting down and abandoning module Layers (524)
[2020.04.19-10.30.06:482][471]LogModuleManager: Shutting down and abandoning module ComponentVisualizers (522)
[2020.04.19-10.30.06:482][471]LogModuleManager: Shutting down and abandoning module DetailCustomizations (520)
[2020.04.19-10.30.06:484][471]LogModuleManager: Shutting down and abandoning module PackagesDialog (518)
[2020.04.19-10.30.06:484][471]LogModuleManager: Shutting down and abandoning module AnimationBlueprintEditor (516)
[2020.04.19-10.30.06:491][471]LogModuleManager: Shutting down and abandoning module Persona (514)
[2020.04.19-10.30.06:493][471]LogModuleManager: Shutting down and abandoning module AdvancedPreviewScene (513)
[2020.04.19-10.30.06:493][471]LogModuleManager: Shutting down and abandoning module AnimGraph (511)
[2020.04.19-10.30.06:493][471]LogModuleManager: Shutting down and abandoning module Kismet (508)
[2020.04.19-10.30.06:507][471]LogModuleManager: Shutting down and abandoning module KismetWidgets (507)
[2020.04.19-10.30.06:507][471]LogModuleManager: Shutting down and abandoning module GraphEditor (504)
[2020.04.19-10.30.06:507][471]LogModuleManager: Shutting down and abandoning module StructViewer (502)
[2020.04.19-10.30.06:508][471]LogModuleManager: Shutting down and abandoning module ClassViewer (500)
[2020.04.19-10.30.06:508][471]LogModuleManager: Shutting down and abandoning module Toolbox (498)
[2020.04.19-10.30.06:508][471]LogModuleManager: Shutting down and abandoning module ModuleUI (496)
[2020.04.19-10.30.06:508][471]LogModuleManager: Shutting down and abandoning module OutputLog (494)
[2020.04.19-10.30.06:510][471]LogModuleManager: Shutting down and abandoning module GammaUI (492)
[2020.04.19-10.30.06:510][471]LogModuleManager: Shutting down and abandoning module Documentation (490)
[2020.04.19-10.30.06:511][471]LogModuleManager: Shutting down and abandoning module ToolMenus (488)
[2020.04.19-10.30.06:511][471]LogModuleManager: Shutting down and abandoning module LiveCoding (486)
[2020.04.19-10.30.06:512][471]LogModuleManager: Shutting down and abandoning module LevelSequence (484)
[2020.04.19-10.30.06:512][471]LogModuleManager: Shutting down and abandoning module MovieSceneTracks (482)
[2020.04.19-10.30.06:512][471]LogModuleManager: Shutting down and abandoning module MovieScene (480)
[2020.04.19-10.30.06:512][471]LogModuleManager: Shutting down and abandoning module StreamingPauseRendering (478)
[2020.04.19-10.30.06:513][471]LogModuleManager: Shutting down and abandoning module LauncherPlatform (476)
[2020.04.19-10.30.06:513][471]LogModuleManager: Shutting down and abandoning module AnalyticsET (474)
[2020.04.19-10.30.06:513][471]LogModuleManager: Shutting down and abandoning module PortalServices (472)
[2020.04.19-10.30.06:513][471]LogModuleManager: Shutting down and abandoning module PortalRpc (470)
[2020.04.19-10.30.06:513][471]LogModuleManager: Shutting down and abandoning module MessagingRpc (468)
[2020.04.19-10.30.06:513][471]LogModuleManager: Shutting down and abandoning module AudioMixerXAudio2 (466)
[2020.04.19-10.30.06:513][471]LogModuleManager: Shutting down and abandoning module AIModule (464)
[2020.04.19-10.30.06:515][471]LogModuleManager: Shutting down and abandoning module GameplayDebugger (463)
[2020.04.19-10.30.06:515][471]LogModuleManager: Shutting down and abandoning module AITestSuite (461)
[2020.04.19-10.30.06:516][471]LogModuleManager: Shutting down and abandoning module NavigationSystem (459)
[2020.04.19-10.30.06:516][471]LogModuleManager: Shutting down and abandoning module ImageWriteQueue (456)
[2020.04.19-10.30.06:531][471]LogModuleManager: Shutting down and abandoning module ProfilerService (454)
[2020.04.19-10.30.06:770][471]LogModuleManager: Shutting down and abandoning module TaskGraph (452)
[2020.04.19-10.30.06:774][471]LogModuleManager: Shutting down and abandoning module ScreenshotTools (450)
[2020.04.19-10.30.06:774][471]LogModuleManager: Shutting down and abandoning module ProceduralMeshComponentEditor (448)
[2020.04.19-10.30.06:774][471]LogModuleManager: Shutting down and abandoning module ProceduralMeshComponent (446)
[2020.04.19-10.30.06:774][471]LogModuleManager: Shutting down and abandoning module OculusEditor (444)
[2020.04.19-10.30.06:774][471]LogModuleManager: Shutting down and abandoning module OculusInput (442)
[2020.04.19-10.30.06:774][471]LogModuleManager: Shutting down and abandoning module MobilePatchingUtils (440)
[2020.04.19-10.30.06:774][471]LogModuleManager: Shutting down and abandoning module EditableMesh (438)
[2020.04.19-10.30.06:775][471]LogModuleManager: Shutting down and abandoning module CustomMeshComponent (436)
[2020.04.19-10.30.06:775][471]LogModuleManager: Shutting down and abandoning module CableComponent (434)
[2020.04.19-10.30.06:775][471]LogModuleManager: Shutting down and abandoning module AudioCapture (432)
[2020.04.19-10.30.06:775][471]LogModuleManager: Shutting down and abandoning module AudioCaptureRtAudio (431)
[2020.04.19-10.30.06:775][471]LogModuleManager: Shutting down and abandoning module AssetTags (428)
[2020.04.19-10.30.06:775][471]LogModuleManager: Shutting down and abandoning module ArchVisCharacter (426)
[2020.04.19-10.30.06:775][471]LogModuleManager: Shutting down and abandoning module AppleImageUtilsBlueprintSupport (424)
[2020.04.19-10.30.06:775][471]LogModuleManager: Shutting down and abandoning module AppleImageUtils (422)
[2020.04.19-10.30.06:775][471]LogModuleManager: Shutting down and abandoning module AndroidPermission (420)
[2020.04.19-10.30.06:775][471]LogModuleManager: Shutting down and abandoning module NUTUnrealEngine4 (418)
[2020.04.19-10.30.06:776][471]LogModuleManager: Shutting down and abandoning module NetcodeUnitTest (416)
[2020.04.19-10.30.06:778][471]LogModuleManager: Shutting down and abandoning module MediaCompositing (414)
[2020.04.19-10.30.06:778][471]LogModuleManager: Shutting down and abandoning module ImgMedia (412)
[2020.04.19-10.30.06:778][471]LogModuleManager: Shutting down and abandoning module MagicLeapHelperVulkan (410)
[2020.04.19-10.30.06:778][471]LogModuleManager: Shutting down and abandoning module MagicLeapHelperOpenGL (408)
[2020.04.19-10.30.06:778][471]LogModuleManager: Shutting down and abandoning module MagicLeapAudio (406)
[2020.04.19-10.30.06:778][471]LogModuleManager: Shutting down and abandoning module GeometryCacheTracks (404)
[2020.04.19-10.30.06:778][471]LogModuleManager: Shutting down and abandoning module GeometryCacheSequencer (402)
[2020.04.19-10.30.06:778][471]LogModuleManager: Shutting down and abandoning module BackChannel (400)
[2020.04.19-10.30.06:778][471]LogModuleManager: Shutting down and abandoning module AutomationUtilsEditor (398)
[2020.04.19-10.30.06:779][471]LogModuleManager: Shutting down and abandoning module AutomationUtils (396)
[2020.04.19-10.30.06:779][471]LogModuleManager: Shutting down and abandoning module AlembicImporter (394)
[2020.04.19-10.30.06:779][471]LogModuleManager: Shutting down and abandoning module AlembicLibrary (393)
[2020.04.19-10.30.06:780][471]LogModuleManager: Shutting down and abandoning module GeometryCache (392)
[2020.04.19-10.30.06:780][471]LogModuleManager: Shutting down and abandoning module GeometryCacheEd (391)
[2020.04.19-10.30.06:780][471]LogModuleManager: Shutting down and abandoning module VariantManagerContentEditor (386)
[2020.04.19-10.30.06:780][471]LogModuleManager: Shutting down and abandoning module DatasmithContentEditor (384)
[2020.04.19-10.30.06:781][471]LogModuleManager: Shutting down and abandoning module SpeedTreeImporter (382)
[2020.04.19-10.30.06:781][471]LogModuleManager: Shutting down and abandoning module PluginBrowser (380)
[2020.04.19-10.30.06:784][471]LogModuleManager: Shutting down and abandoning module MobileLauncherProfileWizard (378)
[2020.04.19-10.30.06:786][471]LogModuleManager: Shutting down and abandoning module MaterialAnalyzer (376)
[2020.04.19-10.30.06:787][471]LogModuleManager: Shutting down and abandoning module CurveEditorTools (374)
[2020.04.19-10.30.06:788][471]LogModuleManager: Shutting down and abandoning module CryptoKeysOpenSSL (372)
[2020.04.19-10.30.06:788][471]LogModuleManager: Shutting down and abandoning module CryptoKeys (370)
[2020.04.19-10.30.06:789][471]LogModuleManager: Shutting down and abandoning module VisualStudioSourceCodeAccess (368)
[2020.04.19-10.30.06:789][471]LogModuleManager: Shutting down and abandoning module VisualStudioCodeSourceCodeAccess (366)
[2020.04.19-10.30.06:789][471]LogModuleManager: Shutting down and abandoning module UObjectPlugin (364)
[2020.04.19-10.30.06:789][471]LogModuleManager: Shutting down and abandoning module SubversionSourceControl (362)
[2020.04.19-10.30.06:790][471]LogModuleManager: Shutting down and abandoning module PlasticSourceControl (360)
[2020.04.19-10.30.06:795][471]LogModuleManager: Shutting down and abandoning module PerforceSourceControl (358)
[2020.04.19-10.30.06:797][471]LogModuleManager: Shutting down and abandoning module GitSourceControl (356)
[2020.04.19-10.30.06:803][471]LogModuleManager: Shutting down and abandoning module SourceControl (355)
[2020.04.19-10.30.06:804][471]LogModuleManager: Shutting down and abandoning module CLionSourceCodeAccess (352)
[2020.04.19-10.30.06:804][471]LogModuleManager: Shutting down and abandoning module AnimationSharingEd (350)
[2020.04.19-10.30.06:804][471]LogModuleManager: Shutting down and abandoning module ActorLayerUtilitiesEditor (348)
[2020.04.19-10.30.06:804][471]LogModuleManager: Shutting down and abandoning module ActorLayerUtilities (346)
[2020.04.19-10.30.06:804][471]LogModuleManager: Shutting down and abandoning module LightPropagationVolumeEditor (344)
[2020.04.19-10.30.06:804][471]LogModuleManager: Shutting down and abandoning module PaperTiledImporter (342)
[2020.04.19-10.30.06:804][471]LogModuleManager: Shutting down and abandoning module PaperSpriteSheetImporter (340)
[2020.04.19-10.30.06:804][471]LogModuleManager: Shutting down and abandoning module Paper2DEditor (338)
[2020.04.19-10.30.06:807][471]LogModuleManager: Shutting down and abandoning module SignificanceManager (336)
[2020.04.19-10.30.06:807][471]LogModuleManager: Shutting down and abandoning module RuntimePhysXCooking (334)
[2020.04.19-10.30.06:807][471]LogModuleManager: Shutting down and abandoning module PhysXVehiclesEditor (332)
[2020.04.19-10.30.06:807][471]LogModuleManager: Shutting down and abandoning module LocationServicesBPLibrary (328)
[2020.04.19-10.30.06:807][471]LogModuleManager: Shutting down and abandoning module ActorSequence (326)
[2020.04.19-10.30.06:807][471]LogModuleManager: Shutting down and abandoning module UdpMessaging (324)
[2020.04.19-10.30.06:908][471]LogModuleManager: Shutting down and abandoning module TcpMessaging (322)
[2020.04.19-10.30.07:013][471]LogModuleManager: Shutting down and abandoning module MagicLeapPrivileges (320)
[2020.04.19-10.30.07:014][471]LogModuleManager: Shutting down and abandoning module MagicLeapPlanes (318)
[2020.04.19-10.30.07:014][471]LogMagicLeapPlanes: Planes tracker already destroyed.
[2020.04.19-10.30.07:014][471]LogModuleManager: Shutting down and abandoning module MagicLeapIdentity (316)
[2020.04.19-10.30.07:014][471]LogModuleManager: Shutting down and abandoning module MagicLeapSecureStorage (314)
[2020.04.19-10.30.07:014][471]LogModuleManager: Shutting down and abandoning module MagicLeapImageTracker (312)
[2020.04.19-10.30.07:015][471]LogModuleManager: Shutting down and abandoning module MagicLeapHandTracking (310)
[2020.04.19-10.30.07:015][471]LogModuleManager: Shutting down and abandoning module MagicLeapHandMeshing (308)
[2020.04.19-10.30.07:015][471]LogModuleManager: Shutting down and abandoning module MagicLeapEyeTracker (306)
[2020.04.19-10.30.07:015][471]LogModuleManager: Shutting down and abandoning module MagicLeapController (304)
[2020.04.19-10.30.07:016][471]LogSlate: Slate User Destroyed.  User Index 0, Is Virtual User: 0
[2020.04.19-10.30.07:016][471]LogModuleManager: Shutting down and abandoning module MagicLeapARPin (302)
[2020.04.19-10.30.07:016][471]LogModuleManager: Shutting down and abandoning module MagicLeapAR (300)
[2020.04.19-10.30.07:016][471]LogModuleManager: Shutting down and abandoning module AugmentedReality (299)
[2020.04.19-10.30.07:016][471]LogModuleManager: Shutting down and abandoning module GameplayTagsEditor (296)
[2020.04.19-10.30.07:018][471]LogModuleManager: Shutting down and abandoning module FacialAnimationEditor (294)
[2020.04.19-10.30.07:018][471]LogModuleManager: Shutting down and abandoning module FacialAnimation (292)
[2020.04.19-10.30.07:018][471]LogModuleManager: Shutting down and abandoning module DataValidation (290)
[2020.04.19-10.30.07:018][471]LogModuleManager: Shutting down and abandoning module AssetManagerEditor (288)
[2020.04.19-10.30.07:020][471]LogModuleManager: Shutting down and abandoning module LevelEditor (287)
[2020.04.19-10.30.07:024][471]LogModuleManager: Shutting down and abandoning module PixelInspectorModule (286)
[2020.04.19-10.30.07:025][471]LogModuleManager: Shutting down and abandoning module CommonMenuExtensions (284)
[2020.04.19-10.30.07:026][471]LogModuleManager: Shutting down and abandoning module MainFrame (282)
[2020.04.19-10.30.07:026][471]LogModuleManager: Shutting down and abandoning module HotReload (281)
[2020.04.19-10.30.07:028][471]LogModuleManager: Shutting down and abandoning module ContentBrowser (277)
[2020.04.19-10.30.07:036][471]LogModuleManager: Shutting down and abandoning module TreeMap (275)
[2020.04.19-10.30.07:037][471]LogModuleManager: Shutting down and abandoning module AnimationSharing (272)
[2020.04.19-10.30.07:037][471]LogModuleManager: Shutting down and abandoning module LightPropagationVolumeRuntime (270)
[2020.04.19-10.30.07:037][471]LogModuleManager: Shutting down and abandoning module Paper2D (268)
[2020.04.19-10.30.07:038][471]LogModuleManager: Shutting down and abandoning module WindowsMoviePlayer (266)
[2020.04.19-10.30.07:046][471]LogModuleManager: Shutting down and abandoning module WebMMoviePlayer (264)
[2020.04.19-10.30.07:047][471]LogModuleManager: Shutting down and abandoning module NetworkReplayStreaming (262)
[2020.04.19-10.30.07:047][471]LogModuleManager: Shutting down and abandoning module PacketHandler (260)
[2020.04.19-10.30.07:047][471]LogModuleManager: Shutting down and abandoning module ClothingSystemEditor (258)
[2020.04.19-10.30.07:047][471]LogModuleManager: Shutting down and abandoning module ClothingSystemRuntimeNv (256)
[2020.04.19-10.30.07:049][471]LogModuleManager: Shutting down and abandoning module MediaAssets (254)
[2020.04.19-10.30.07:049][471]LogModuleManager: Shutting down and abandoning module Overlay (252)
[2020.04.19-10.30.07:049][471]LogModuleManager: Shutting down and abandoning module OverlayEditor (251)
[2020.04.19-10.30.07:049][471]LogModuleManager: Shutting down and abandoning module VREditor (248)
[2020.04.19-10.30.07:050][471]LogModuleManager: Shutting down and abandoning module StringTableEditor (246)
[2020.04.19-10.30.07:051][471]LogModuleManager: Shutting down and abandoning module GameplayTasksEditor (244)
[2020.04.19-10.30.07:051][471]LogModuleManager: Shutting down and abandoning module BehaviorTreeEditor (242)
[2020.04.19-10.30.07:052][471]LogModuleManager: Shutting down and abandoning module FunctionalTesting (240)
[2020.04.19-10.30.07:053][471]LogModuleManager: Shutting down and abandoning module CollisionAnalyzer (238)
[2020.04.19-10.30.07:054][471]LogModuleManager: Shutting down and abandoning module WorkspaceMenuStructure (237)
[2020.04.19-10.30.07:054][471]LogModuleManager: Shutting down and abandoning module UMG (234)
[2020.04.19-10.30.07:055][471]LogModuleManager: Shutting down and abandoning module UMGEditor (233)
[2020.04.19-10.30.07:056][471]LogModuleManager: Shutting down and abandoning module MessageLog (231)
[2020.04.19-10.30.07:056][471]LogModuleManager: Shutting down and abandoning module SlateReflector (226)
[2020.04.19-10.30.07:059][471]LogModuleManager: Shutting down and abandoning module Slate (224)
[2020.04.19-10.30.07:059][471]LogModuleManager: Shutting down and abandoning module SlateCore (222)
[2020.04.19-10.30.07:060][471]LogModuleManager: Shutting down and abandoning module LandscapeEditorUtilities (220)
[2020.04.19-10.30.07:060][471]LogModuleManager: Shutting down and abandoning module UnrealEd (218)
[2020.04.19-10.30.07:060][471]LogModuleManager: Shutting down and abandoning module MRMesh (216)
[2020.04.19-10.30.07:060][471]LogModuleManager: Shutting down and abandoning module SourceCodeAccess (214)
[2020.04.19-10.30.07:060][471]LogModuleManager: Shutting down and abandoning module HeadMountedDisplay (212)
[2020.04.19-10.30.07:061][471]LogModuleManager: Shutting down and abandoning module XAudio2 (210)
[2020.04.19-10.30.07:061][471]LogModuleManager: Shutting down and abandoning module Networking (208)
[2020.04.19-10.30.07:061][471]LogModuleManager: Shutting down and abandoning module Core (206)
[2020.04.19-10.30.07:061][471]LogModuleManager: Shutting down and abandoning module MovieSceneTools (204)
[2020.04.19-10.30.07:063][471]LogModuleManager: Shutting down and abandoning module CurveEditor (203)
[2020.04.19-10.30.07:065][471]LogModuleManager: Shutting down and abandoning module Sequencer (201)
[2020.04.19-10.30.07:069][471]LogModuleManager: Shutting down and abandoning module EditorStyle (200)
[2020.04.19-10.30.07:076][471]LogModuleManager: Shutting down and abandoning module KismetCompiler (196)
[2020.04.19-10.30.07:076][471]LogModuleManager: Shutting down and abandoning module MeshUtilities (194)
[2020.04.19-10.30.07:076][471]LogModuleManager: Shutting down and abandoning module MeshMergeUtilities (193)
[2020.04.19-10.30.07:077][471]LogModuleManager: Shutting down and abandoning module MeshReductionInterface (192)
[2020.04.19-10.30.07:077][471]LogModuleManager: Shutting down and abandoning module MeshBoneReduction (191)
[2020.04.19-10.30.07:078][471]LogModuleManager: Shutting down and abandoning module SkeletalMeshReduction (189)
[2020.04.19-10.30.07:079][471]LogModuleManager: Shutting down and abandoning module ProxyLODMeshReduction (187)
[2020.04.19-10.30.07:080][471]LogModuleManager: Shutting down and abandoning module QuadricMeshReduction (185)
[2020.04.19-10.30.07:081][471]LogModuleManager: Shutting down and abandoning module MaterialBaking (181)
[2020.04.19-10.30.07:081][471]LogModuleManager: Shutting down and abandoning module NullInstallBundleManager (176)
[2020.04.19-10.30.07:082][471]LogModuleManager: Shutting down and abandoning module DerivedDataCache (174)
[2020.04.19-10.30.07:082][471]LogDerivedDataCache: Shutdown
[2020.04.19-10.30.07:082][471]LogModuleManager: Shutting down and abandoning module XGEController (172)
[2020.04.19-10.30.07:082][471]LogModuleManager: Shutting down and abandoning module TargetPlatform (170)
[2020.04.19-10.30.07:083][471]LogModuleManager: Shutting down and abandoning module VulkanShaderFormat (169)
[2020.04.19-10.30.07:084][471]LogModuleManager: Shutting down and abandoning module ShaderFormatVectorVM (167)
[2020.04.19-10.30.07:085][471]LogModuleManager: Shutting down and abandoning module ShaderFormatOpenGL (165)
[2020.04.19-10.30.07:085][471]LogModuleManager: Shutting down and abandoning module ShaderFormatD3D (163)
[2020.04.19-10.30.07:085][471]LogModuleManager: Shutting down and abandoning module MetalShaderFormat (161)
[2020.04.19-10.30.07:087][471]LogModuleManager: Shutting down and abandoning module TextureFormatUncompressed (159)
[2020.04.19-10.30.07:087][471]LogModuleManager: Shutting down and abandoning module TextureFormatPVR (157)
[2020.04.19-10.30.07:087][471]LogModuleManager: Shutting down and abandoning module TextureFormatDXT (155)
[2020.04.19-10.30.07:087][471]LogModuleManager: Shutting down and abandoning module TextureFormatIntelISPCTexComp (153)
[2020.04.19-10.30.07:088][471]LogModuleManager: Shutting down and abandoning module TextureFormatASTC (151)
[2020.04.19-10.30.07:088][471]LogModuleManager: Shutting down and abandoning module ImageWrapper (150)
[2020.04.19-10.30.07:088][471]LogModuleManager: Shutting down and abandoning module TextureFormatAndroid (147)
[2020.04.19-10.30.07:089][471]LogModuleManager: Shutting down and abandoning module AudioFormatOpus (145)
[2020.04.19-10.30.07:089][471]LogModuleManager: Shutting down and abandoning module AudioFormatOgg (143)
[2020.04.19-10.30.07:089][471]LogModuleManager: Shutting down and abandoning module AudioFormatADPCM (141)
[2020.04.19-10.30.07:090][471]LogModuleManager: Shutting down and abandoning module WindowsServerTargetPlatform (139)
[2020.04.19-10.30.07:090][471]LogModuleManager: Shutting down and abandoning module WindowsClientTargetPlatform (137)
[2020.04.19-10.30.07:090][471]LogModuleManager: Shutting down and abandoning module WindowsTargetPlatform (135)
[2020.04.19-10.30.07:090][471]LogModuleManager: Shutting down and abandoning module WindowsNoEditorTargetPlatform (133)
[2020.04.19-10.30.07:090][471]LogModuleManager: Shutting down and abandoning module TVOSTargetPlatform (131)
[2020.04.19-10.30.07:125][471]LogModuleManager: Shutting down and abandoning module LuminTargetPlatform (129)
[2020.04.19-10.30.07:141][471]LogModuleManager: Shutting down and abandoning module LinuxAArch64ServerTargetPlatform (127)
[2020.04.19-10.30.07:141][471]LogModuleManager: Shutting down and abandoning module LinuxAArch64ClientTargetPlatform (125)
[2020.04.19-10.30.07:142][471]LogModuleManager: Shutting down and abandoning module LinuxAArch64NoEditorTargetPlatform (123)
[2020.04.19-10.30.07:142][471]LogModuleManager: Shutting down and abandoning module LinuxServerTargetPlatform (121)
[2020.04.19-10.30.07:143][471]LogModuleManager: Shutting down and abandoning module LinuxClientTargetPlatform (119)
[2020.04.19-10.30.07:143][471]LogModuleManager: Shutting down and abandoning module LinuxNoEditorTargetPlatform (117)
[2020.04.19-10.30.07:143][471]LogModuleManager: Shutting down and abandoning module Messaging (115)
[2020.04.19-10.30.07:143][471]LogModuleManager: Shutting down and abandoning module IOSTargetPlatform (113)
[2020.04.19-10.30.07:154][471]LogModuleManager: Shutting down and abandoning module AndroidTargetPlatform (111)
[2020.04.19-10.30.07:296][471]LogModuleManager: Shutting down and abandoning module AllDesktopTargetPlatform (109)
[2020.04.19-10.30.07:296][471]LogModuleManager: Shutting down and abandoning module InputCore (106)
[2020.04.19-10.30.07:296][471]LogModuleManager: Shutting down and abandoning module Settings (104)
[2020.04.19-10.30.07:296][471]LogModuleManager: Shutting down and abandoning module DirectoryWatcher (102)
[2020.04.19-10.30.07:297][471]LogModuleManager: Shutting down and abandoning module PhysXCooking (100)
[2020.04.19-10.30.07:297][471]LogModuleManager: Shutting down and abandoning module ChaosSolvers (98)
[2020.04.19-10.30.07:297][471]LogModuleManager: Shutting down and abandoning module FieldSystemEngine (97)
[2020.04.19-10.30.07:297][471]LogModuleManager: Shutting down and abandoning module Chaos (94)
[2020.04.19-10.30.07:297][471]LogModuleManager: Shutting down and abandoning module WindowsPlatformFeatures (92)
[2020.04.19-10.30.07:297][471]LogModuleManager: Shutting down and abandoning module GameplayMediaEncoder (91)
[2020.04.19-10.30.07:298][471]LogModuleManager: Shutting down and abandoning module SteamVRInputDevice (88)
[2020.04.19-10.30.07:298][471]LogModuleManager: Shutting down and abandoning module SteamVRInput (86)
[2020.04.19-10.30.07:298][471]LogModuleManager: Shutting down and abandoning module SteamVR (84)
[2020.04.19-10.30.07:298][471]LogHMD: Freeing OpenVRDLLHandle.
[2020.04.19-10.30.07:299][471]LogModuleManager: Shutting down and abandoning module OculusHMD (82)
[2020.04.19-10.30.07:299][471]LogModuleManager: Shutting down and abandoning module ExampleDeviceProfileSelector (80)
[2020.04.19-10.30.07:299][471]LogModuleManager: Shutting down and abandoning module LauncherChunkInstaller (78)
[2020.04.19-10.30.07:299][471]LogModuleManager: Shutting down and abandoning module OnlineBlueprintSupport (76)
[2020.04.19-10.30.07:299][471]LogModuleManager: Shutting down and abandoning module OnlineSubsystem (72)
[2020.04.19-10.30.07:303][471]LogModuleManager: Shutting down and abandoning module XMPP (67)
[2020.04.19-10.30.07:304][471]LogModuleManager: Shutting down and abandoning module WebSockets (66)
[2020.04.19-10.30.07:341][471]LogModuleManager: Shutting down and abandoning module HTTP (63)
[2020.04.19-10.30.07:341][471]LogHttp: Display: Http module shutting down, but needs to wait on 1 outstanding Http requests:
[2020.04.19-10.30.07:342][471]LogHttp: Display: 	verb=[POST] url=[https://datarouter.ol.epicgames.com/datarouter/api/v1/public/data?SessionID=%7B2A05E42D-443A-CB4A-3FD7-549C11DF9D83%7D&AppID=UEEditor.Rocket.Release&AppVersion=4.24.1-10757647%2B%2B%2BUE4%2BRelease-4.24&UserID=065f8fa4432ac8ba5074a3b7608a56fe%7C9adfc8b396a145348b5ae0ef36ea129e%7C564e7ad4-32d7-433e-b249-63eee71adca4&AppEnvironment=datacollector-binary&UploadType=eteventstream] refs=[1] status=Processing
[2020.04.19-10.30.07:368][471]LogModuleManager: Shutting down and abandoning module SSL (62)
[2020.04.19-10.30.07:376][471]LogModuleManager: Shutting down and abandoning module WmfMedia (58)
[2020.04.19-10.30.07:381][471]LogModuleManager: Shutting down and abandoning module Media (57)
[2020.04.19-10.30.07:383][471]LogModuleManager: Shutting down and abandoning module MagicLeap (54)
[2020.04.19-10.30.07:383][471]LogModuleManager: Shutting down and abandoning module VariantManagerContent (52)
[2020.04.19-10.30.07:383][471]LogModuleManager: Shutting down and abandoning module DatasmithContent (50)
[2020.04.19-10.30.07:384][471]LogModuleManager: Shutting down and abandoning module AISupportModule (48)
[2020.04.19-10.30.07:384][471]LogModuleManager: Shutting down and abandoning module DesktopPlatform (46)
[2020.04.19-10.30.07:384][471]LogModuleManager: Shutting down and abandoning module PlatformCryptoOpenSSL (44)
[2020.04.19-10.30.07:384][471]LogModuleManager: Shutting down and abandoning module PlatformCryptoTypes (42)
[2020.04.19-10.30.07:384][471]LogModuleManager: Shutting down and abandoning module PlatformCrypto (40)
[2020.04.19-10.30.07:384][471]LogModuleManager: Shutting down and abandoning module AnimationModifiers (38)
[2020.04.19-10.30.07:385][471]LogModuleManager: Shutting down and abandoning module PropertyEditor (37)
[2020.04.19-10.30.07:385][471]LogModuleManager: Shutting down and abandoning module AudioEditor (34)
[2020.04.19-10.30.07:387][471]LogModuleManager: Shutting down and abandoning module TextureCompressor (32)
[2020.04.19-10.30.07:388][471]LogModuleManager: Shutting down and abandoning module RenderCore (30)
[2020.04.19-10.30.07:388][471]LogModuleManager: Shutting down and abandoning module Landscape (28)
[2020.04.19-10.30.07:389][471]LogModuleManager: Shutting down and abandoning module SlateRHIRenderer (26)
[2020.04.19-10.30.07:395][471]LogModuleManager: Shutting down and abandoning module OpenGLDrv (24)
[2020.04.19-10.30.07:397][471]LogModuleManager: Shutting down and abandoning module D3D11RHI (22)
[2020.04.19-10.30.07:397][471]LogModuleManager: Shutting down and abandoning module AnimGraphRuntime (20)
[2020.04.19-10.30.07:397][471]LogModuleManager: Shutting down and abandoning module Renderer (18)
[2020.04.19-10.30.07:398][471]LogModuleManager: Shutting down and abandoning module Engine (16)
[2020.04.19-10.30.07:398][471]LogModuleManager: Shutting down and abandoning module CoreUObject (14)
[2020.04.19-10.30.07:398][471]LogModuleManager: Shutting down and abandoning module NetworkFile (12)
[2020.04.19-10.30.07:399][471]LogModuleManager: Shutting down and abandoning module CookedIterativeFile (10)
[2020.04.19-10.30.07:399][471]LogModuleManager: Shutting down and abandoning module StreamingFile (8)
[2020.04.19-10.30.07:399][471]LogModuleManager: Shutting down and abandoning module SandboxFile (6)
[2020.04.19-10.30.07:399][471]LogModuleManager: Shutting down and abandoning module PakFile (4)
[2020.04.19-10.30.07:399][471]LogModuleManager: Shutting down and abandoning module RSA (3)
[2020.04.19-10.30.07:404][471]LogD3D11RHI: Shutdown
[2020.04.19-10.30.07:404][471]LogD3D11RHI: CleanupD3DDevice
[2020.04.19-10.30.07:457][471]LogD3D11RHI: [IntelMetricsDiscovery] Stopped
[2020.04.19-10.30.07:466][471]LogExit: Exiting.
[2020.04.19-10.30.07:478][471]Log file closed, 04/19/20 03:30:07
